

================================================================
== Vivado HLS Report for 'aStar_calculateCost'
================================================================
* Date:           Fri Jun 30 11:23:19 2017

* Version:        2015.4 (Build 1412921 on Wed Nov 18 09:58:55 AM 2015)
* Project:        AStarStaticHLS
* Solution:       solution1
* Product family: zynq
* Target device:  xc7z020clg484-1


================================================================
== Performance Estimates
================================================================
+ Timing (ns): 
    * Summary: 
    +--------+-------+----------+------------+
    |  Clock | Target| Estimated| Uncertainty|
    +--------+-------+----------+------------+
    |ap_clk  |  10.00|      7.86|        1.25|
    +--------+-------+----------+------------+

+ Latency (clock cycles): 
    * Summary: 
    +-----+-----+-----+-----+---------+
    |  Latency  |  Interval | Pipeline|
    | min | max | min | max |   Type  |
    +-----+-----+-----+-----+---------+
    |    3|    4|    3|    4|   none  |
    +-----+-----+-----+-----+---------+

    + Detail: 
        * Instance: 
        N/A

        * Loop: 
        N/A

============================================================
+ Verbose Summary: Synthesis Manager
============================================================
InlineROM: 1
ExposeGlobal: 0
============================================================
+ Verbose Summary: CDFG Model
============================================================
IsTopModel: 0
ResetActiveHigh: 1
IsCombinational: 0
IsDatapathOnly: 0
HasWiredReturn: 1
HasMFsm: 0
HasVarLatency: 1
IsPipeline: 0
IsRtlPipelined: 0
IsInstanceOverlapped: 0
IsDontTouch: 0
HasImplIP: 0
IsGatedGlobalClock: 0


============================================================
+ Verbose Summary: Schedule
============================================================
* Number of FSM states: 5
* Pipeline: 0
* Dataflow Pipeline: 0

* FSM state transitions: 
1 --> 
	2  / true
2 --> 
	3  / true
3 --> 
	4  / (icmp)
	5  / (!icmp)
4 --> 
	5  / true
5 --> 
* FSM state operations: 

 <State 1>: 3.75ns
ST_1: position_read [1/1] 1.04ns
:0  %position_read = call i32 @_ssdm_op_Read.ap_auto.i32(i32 %position)

ST_1: tmp_s [1/1] 0.00ns
:4  %tmp_s = sext i32 %position_read to i64

ST_1: node_father_addr [1/1] 0.00ns
:5  %node_father_addr = getelementptr [2304 x i32]* @node_father, i64 0, i64 %tmp_s

ST_1: node_father_load [2/2] 2.71ns
:6  %node_father_load = load i32* %node_father_addr, align 4


 <State 2>: 5.42ns
ST_2: node_father_load [1/2] 2.71ns
:6  %node_father_load = load i32* %node_father_addr, align 4

ST_2: tmp_2 [1/1] 0.00ns
:7  %tmp_2 = sext i32 %node_father_load to i64

ST_2: node_cost_addr [1/1] 0.00ns
:8  %node_cost_addr = getelementptr [2304 x i32]* @node_cost, i64 0, i64 %tmp_2

ST_2: node_cost_load [2/2] 2.71ns
:9  %node_cost_load = load i32* %node_cost_addr, align 4


 <State 3>: 7.86ns
ST_3: i_read [1/1] 1.04ns
:1  %i_read = call i4 @_ssdm_op_Read.ap_auto.i4(i4 %i)

ST_3: tmp [1/1] 0.00ns
:2  %tmp = call i2 @_ssdm_op_PartSelect.i2.i4.i32.i32(i4 %i_read, i32 2, i32 3)

ST_3: icmp [1/1] 1.36ns
:3  %icmp = icmp eq i2 %tmp, 1

ST_3: node_cost_load [1/2] 2.71ns
:9  %node_cost_load = load i32* %node_cost_addr, align 4

ST_3: stg_18 [1/1] 0.00ns
:10  br i1 %icmp, label %2, label %1

ST_3: tmp_3 [1/1] 2.44ns
:0  %tmp_3 = add nsw i32 %node_cost_load, 10

ST_3: node_cost_addr_1 [1/1] 0.00ns
:1  %node_cost_addr_1 = getelementptr [2304 x i32]* @node_cost, i64 0, i64 %tmp_s

ST_3: stg_21 [1/1] 2.71ns
:2  store i32 %tmp_3, i32* %node_cost_addr_1, align 4

ST_3: stg_22 [1/1] 0.00ns
:3  br label %3

ST_3: node_cost_addr_2 [1/1] 0.00ns
:0  %node_cost_addr_2 = getelementptr [2304 x i32]* @node_cost, i64 0, i64 %tmp_s

ST_3: node_cost_load_1 [2/2] 2.71ns
:1  %node_cost_load_1 = load i32* %node_cost_addr_2, align 4


 <State 4>: 6.65ns
ST_4: node_cost_load_1 [1/2] 2.71ns
:1  %node_cost_load_1 = load i32* %node_cost_addr_2, align 4

ST_4: tmp1 [1/1] 1.97ns
:2  %tmp1 = add i32 %node_cost_load_1, 14

ST_4: tmp_7 [1/1] 1.97ns
:3  %tmp_7 = add i32 %tmp1, %node_cost_load


 <State 5>: 2.71ns
ST_5: stg_28 [1/1] 2.71ns
:4  store i32 %tmp_7, i32* %node_cost_addr_2, align 4

ST_5: stg_29 [1/1] 0.00ns
:5  br label %3

ST_5: stg_30 [1/1] 0.00ns
:0  ret void



============================================================
+ Verbose Summary: Binding
============================================================
STG Binding: 
---------------- STG Properties BEGIN ----------------
- Is combinational: 0
- Is one-state seq: 0
- Is datapath-only: 0
- Is clock enabled: 0
- Is pipelined: 0
- Is top level: 0
Port [ Return ] is wired: 1; IO mode=ap_ctrl_hs:ce=0
Port [ i]:  wired=1; compound=0; hidden=0; nouse=0; global=0; static=0; extern=0; dir=0; type=0; mode=0x7f00ff14ef40; pingpong=0; private_global=0; IO mode=ap_none:ce=0
Port [ position]:  wired=1; compound=0; hidden=0; nouse=0; global=0; static=0; extern=0; dir=0; type=0; mode=0x7f00ff6cdbf0; pingpong=0; private_global=0; IO mode=ap_none:ce=0
Port [ node_father]:  wired=1; compound=1; hidden=0; nouse=0; global=1; static=1; extern=0; dir=0; type=1; mode=0x7f00ff7b7c00; pingpong=0; private_global=0; linkage=7; visibility=0; MemPort=[13]; IO mode=ap_memory:ce=0
Port [ node_cost]:  wired=1; compound=1; hidden=0; nouse=0; global=1; static=1; extern=0; dir=2; type=1; mode=0x7f00ff7b1750; pingpong=0; private_global=0; linkage=7; visibility=0; MemPort=[23]; IO mode=ap_memory:ce=0
---------------- STG Properties END ------------------

---------------- Datapath Model BEGIN ----------------

<LifeTime>
<method=bitvector/>
position_read    (read         ) [ 000000]
tmp_s            (sext         ) [ 001100]
node_father_addr (getelementptr) [ 001000]
node_father_load (load         ) [ 000000]
tmp_2            (sext         ) [ 000000]
node_cost_addr   (getelementptr) [ 000100]
i_read           (read         ) [ 000000]
tmp              (partselect   ) [ 000000]
icmp             (icmp         ) [ 000111]
node_cost_load   (load         ) [ 000010]
stg_18           (br           ) [ 000000]
tmp_3            (add          ) [ 000000]
node_cost_addr_1 (getelementptr) [ 000000]
stg_21           (store        ) [ 000000]
stg_22           (br           ) [ 000000]
node_cost_addr_2 (getelementptr) [ 000011]
node_cost_load_1 (load         ) [ 000000]
tmp1             (add          ) [ 000000]
tmp_7            (add          ) [ 000001]
stg_28           (store        ) [ 000000]
stg_29           (br           ) [ 000000]
stg_30           (ret          ) [ 000000]
</LifeTime>

<model>

<comp_list>
<comp id="0" class="1000" name="i">
<pin_list>
<pin id="1" dir="1" index="0" bw="1" slack="0"/>
</pin_list>
<bind>
<StgValue><ssdm name="i"/></StgValue>
</bind>
</comp>

<comp id="2" class="1000" name="position">
<pin_list>
<pin id="3" dir="1" index="0" bw="1" slack="0"/>
</pin_list>
<bind>
<StgValue><ssdm name="position"/></StgValue>
</bind>
</comp>

<comp id="4" class="1000" name="node_father">
<pin_list>
<pin id="5" dir="1" index="0" bw="1" slack="0"/>
</pin_list>
<bind>
<StgValue><ssdm name="node_father"/><MemPortTyVec>1 3 </MemPortTyVec>
</StgValue>
</bind>
</comp>

<comp id="6" class="1000" name="node_cost">
<pin_list>
<pin id="7" dir="1" index="0" bw="1" slack="0"/>
</pin_list>
<bind>
<StgValue><ssdm name="node_cost"/><MemPortTyVec>2 3 </MemPortTyVec>
</StgValue>
</bind>
</comp>

<comp id="8" class="1001" name="const_8">
<pin_list>
<pin id="9" dir="1" index="0" bw="1" slack="0"/>
</pin_list>
<bind>
<StgValue><ssdm name="_ssdm_op_Read.ap_auto.i32"/></StgValue>
</bind>
</comp>

<comp id="10" class="1001" name="const_10">
<pin_list>
<pin id="11" dir="1" index="0" bw="1" slack="0"/>
</pin_list>
<bind>
<StgValue><ssdm name=""/></StgValue>
</bind>
</comp>

<comp id="12" class="1001" name="const_12">
<pin_list>
<pin id="13" dir="1" index="0" bw="1" slack="0"/>
</pin_list>
<bind>
<StgValue><ssdm name="_ssdm_op_Read.ap_auto.i4"/></StgValue>
</bind>
</comp>

<comp id="14" class="1001" name="const_14">
<pin_list>
<pin id="15" dir="1" index="0" bw="1" slack="0"/>
</pin_list>
<bind>
<StgValue><ssdm name="_ssdm_op_PartSelect.i2.i4.i32.i32"/></StgValue>
</bind>
</comp>

<comp id="16" class="1001" name="const_16">
<pin_list>
<pin id="17" dir="1" index="0" bw="1" slack="0"/>
</pin_list>
<bind>
<StgValue><ssdm name=""/></StgValue>
</bind>
</comp>

<comp id="18" class="1001" name="const_18">
<pin_list>
<pin id="19" dir="1" index="0" bw="1" slack="0"/>
</pin_list>
<bind>
<StgValue><ssdm name=""/></StgValue>
</bind>
</comp>

<comp id="20" class="1001" name="const_20">
<pin_list>
<pin id="21" dir="1" index="0" bw="1" slack="0"/>
</pin_list>
<bind>
<StgValue><ssdm name=""/></StgValue>
</bind>
</comp>

<comp id="22" class="1001" name="const_22">
<pin_list>
<pin id="23" dir="1" index="0" bw="1" slack="0"/>
</pin_list>
<bind>
<StgValue><ssdm name=""/></StgValue>
</bind>
</comp>

<comp id="24" class="1001" name="const_24">
<pin_list>
<pin id="25" dir="1" index="0" bw="1" slack="0"/>
</pin_list>
<bind>
<StgValue><ssdm name=""/></StgValue>
</bind>
</comp>

<comp id="26" class="1004" name="position_read_read_fu_26">
<pin_list>
<pin id="27" dir="0" index="0" bw="32" slack="0"/>
<pin id="28" dir="0" index="1" bw="32" slack="0"/>
<pin id="29" dir="1" index="2" bw="32" slack="0"/>
</pin_list>
<bind>
<opcode="read(1150) " fcode="read"/>
<opset="position_read/1 "/>
</bind>
</comp>

<comp id="32" class="1004" name="i_read_read_fu_32">
<pin_list>
<pin id="33" dir="0" index="0" bw="4" slack="0"/>
<pin id="34" dir="0" index="1" bw="4" slack="0"/>
<pin id="35" dir="1" index="2" bw="4" slack="0"/>
</pin_list>
<bind>
<opcode="read(1150) " fcode="read"/>
<opset="i_read/3 "/>
</bind>
</comp>

<comp id="38" class="1004" name="node_father_addr_gep_fu_38">
<pin_list>
<pin id="39" dir="0" index="0" bw="32" slack="0"/>
<pin id="40" dir="0" index="1" bw="1" slack="0"/>
<pin id="41" dir="0" index="2" bw="32" slack="0"/>
<pin id="42" dir="1" index="3" bw="12" slack="0"/>
</pin_list>
<bind>
<opcode="getelementptr(29) " fcode="getelementptr"/>
<opset="node_father_addr/1 "/>
</bind>
</comp>

<comp id="45" class="1004" name="grp_access_fu_45">
<pin_list>
<pin id="46" dir="0" index="0" bw="12" slack="0"/>
<pin id="47" dir="0" index="1" bw="32" slack="2147483647"/>
<pin id="48" dir="1" index="2" bw="32" slack="0"/>
</pin_list>
<bind>
<opcode="load(27) " fcode="load"/>
<opset="node_father_load/1 "/>
</bind>
</comp>

<comp id="50" class="1004" name="node_cost_addr_gep_fu_50">
<pin_list>
<pin id="51" dir="0" index="0" bw="32" slack="0"/>
<pin id="52" dir="0" index="1" bw="1" slack="0"/>
<pin id="53" dir="0" index="2" bw="32" slack="0"/>
<pin id="54" dir="1" index="3" bw="12" slack="0"/>
</pin_list>
<bind>
<opcode="getelementptr(29) " fcode="getelementptr"/>
<opset="node_cost_addr/2 "/>
</bind>
</comp>

<comp id="57" class="1004" name="grp_access_fu_57">
<pin_list>
<pin id="58" dir="0" index="0" bw="12" slack="0"/>
<pin id="59" dir="0" index="1" bw="32" slack="0"/>
<pin id="60" dir="1" index="2" bw="32" slack="0"/>
</pin_list>
<bind>
<opcode="load(27) store(28) " fcode="store"/>
<opset="node_cost_load/2 stg_21/3 node_cost_load_1/3 stg_28/5 "/>
</bind>
</comp>

<comp id="62" class="1004" name="node_cost_addr_1_gep_fu_62">
<pin_list>
<pin id="63" dir="0" index="0" bw="32" slack="0"/>
<pin id="64" dir="0" index="1" bw="1" slack="0"/>
<pin id="65" dir="0" index="2" bw="32" slack="2"/>
<pin id="66" dir="1" index="3" bw="12" slack="0"/>
</pin_list>
<bind>
<opcode="getelementptr(29) " fcode="getelementptr"/>
<opset="node_cost_addr_1/3 "/>
</bind>
</comp>

<comp id="70" class="1004" name="node_cost_addr_2_gep_fu_70">
<pin_list>
<pin id="71" dir="0" index="0" bw="32" slack="0"/>
<pin id="72" dir="0" index="1" bw="1" slack="0"/>
<pin id="73" dir="0" index="2" bw="32" slack="2"/>
<pin id="74" dir="1" index="3" bw="12" slack="0"/>
</pin_list>
<bind>
<opcode="getelementptr(29) " fcode="getelementptr"/>
<opset="node_cost_addr_2/3 "/>
</bind>
</comp>

<comp id="78" class="1004" name="tmp_s_fu_78">
<pin_list>
<pin id="79" dir="0" index="0" bw="32" slack="0"/>
<pin id="80" dir="1" index="1" bw="64" slack="0"/>
</pin_list>
<bind>
<opcode="sext(35) " fcode="sext"/>
<opset="tmp_s/1 "/>
</bind>
</comp>

<comp id="83" class="1004" name="tmp_2_fu_83">
<pin_list>
<pin id="84" dir="0" index="0" bw="32" slack="0"/>
<pin id="85" dir="1" index="1" bw="64" slack="0"/>
</pin_list>
<bind>
<opcode="sext(35) " fcode="sext"/>
<opset="tmp_2/2 "/>
</bind>
</comp>

<comp id="88" class="1004" name="tmp_fu_88">
<pin_list>
<pin id="89" dir="0" index="0" bw="2" slack="0"/>
<pin id="90" dir="0" index="1" bw="4" slack="0"/>
<pin id="91" dir="0" index="2" bw="3" slack="0"/>
<pin id="92" dir="0" index="3" bw="3" slack="0"/>
<pin id="93" dir="1" index="4" bw="2" slack="0"/>
</pin_list>
<bind>
<opcode="partselect(1002) " fcode="partselect"/>
<opset="tmp/3 "/>
</bind>
</comp>

<comp id="98" class="1004" name="icmp_fu_98">
<pin_list>
<pin id="99" dir="0" index="0" bw="2" slack="0"/>
<pin id="100" dir="0" index="1" bw="1" slack="0"/>
<pin id="101" dir="1" index="2" bw="1" slack="2"/>
</pin_list>
<bind>
<opcode="icmp(45) " fcode="icmp"/>
<opset="icmp/3 "/>
</bind>
</comp>

<comp id="104" class="1004" name="tmp_3_fu_104">
<pin_list>
<pin id="105" dir="0" index="0" bw="32" slack="0"/>
<pin id="106" dir="0" index="1" bw="5" slack="0"/>
<pin id="107" dir="1" index="2" bw="32" slack="0"/>
</pin_list>
<bind>
<opcode="add(8) " fcode="add"/>
<opset="tmp_3/3 "/>
</bind>
</comp>

<comp id="111" class="1004" name="tmp1_fu_111">
<pin_list>
<pin id="112" dir="0" index="0" bw="32" slack="0"/>
<pin id="113" dir="0" index="1" bw="5" slack="0"/>
<pin id="114" dir="1" index="2" bw="32" slack="0"/>
</pin_list>
<bind>
<opcode="add(8) " fcode="add"/>
<opset="tmp1/4 "/>
</bind>
</comp>

<comp id="117" class="1004" name="tmp_7_fu_117">
<pin_list>
<pin id="118" dir="0" index="0" bw="32" slack="0"/>
<pin id="119" dir="0" index="1" bw="32" slack="1"/>
<pin id="120" dir="1" index="2" bw="32" slack="1"/>
</pin_list>
<bind>
<opcode="add(8) " fcode="add"/>
<opset="tmp_7/4 "/>
</bind>
</comp>

<comp id="122" class="1005" name="tmp_s_reg_122">
<pin_list>
<pin id="123" dir="0" index="0" bw="64" slack="2"/>
<pin id="124" dir="1" index="1" bw="64" slack="2"/>
</pin_list>
<bind>
<opset="tmp_s "/>
</bind>
</comp>

<comp id="128" class="1005" name="node_father_addr_reg_128">
<pin_list>
<pin id="129" dir="0" index="0" bw="12" slack="1"/>
<pin id="130" dir="1" index="1" bw="12" slack="1"/>
</pin_list>
<bind>
<opset="node_father_addr "/>
</bind>
</comp>

<comp id="133" class="1005" name="node_cost_addr_reg_133">
<pin_list>
<pin id="134" dir="0" index="0" bw="12" slack="1"/>
<pin id="135" dir="1" index="1" bw="12" slack="1"/>
</pin_list>
<bind>
<opset="node_cost_addr "/>
</bind>
</comp>

<comp id="138" class="1005" name="icmp_reg_138">
<pin_list>
<pin id="139" dir="0" index="0" bw="1" slack="2"/>
<pin id="140" dir="1" index="1" bw="1" slack="2147483647"/>
</pin_list>
<bind>
<opset="icmp "/>
</bind>
</comp>

<comp id="142" class="1005" name="node_cost_load_reg_142">
<pin_list>
<pin id="143" dir="0" index="0" bw="32" slack="1"/>
<pin id="144" dir="1" index="1" bw="32" slack="1"/>
</pin_list>
<bind>
<opset="node_cost_load "/>
</bind>
</comp>

<comp id="147" class="1005" name="node_cost_addr_2_reg_147">
<pin_list>
<pin id="148" dir="0" index="0" bw="12" slack="1"/>
<pin id="149" dir="1" index="1" bw="12" slack="1"/>
</pin_list>
<bind>
<opset="node_cost_addr_2 "/>
</bind>
</comp>

<comp id="152" class="1005" name="tmp_7_reg_152">
<pin_list>
<pin id="153" dir="0" index="0" bw="32" slack="1"/>
<pin id="154" dir="1" index="1" bw="32" slack="1"/>
</pin_list>
<bind>
<opset="tmp_7 "/>
</bind>
</comp>

</comp_list>

<net_list>
<net id="30"><net_src comp="8" pin="0"/><net_sink comp="26" pin=0"/></net>

<net id="31"><net_src comp="2" pin="0"/><net_sink comp="26" pin=1"/></net>

<net id="36"><net_src comp="12" pin="0"/><net_sink comp="32" pin=0"/></net>

<net id="37"><net_src comp="0" pin="0"/><net_sink comp="32" pin=1"/></net>

<net id="43"><net_src comp="4" pin="0"/><net_sink comp="38" pin=0"/></net>

<net id="44"><net_src comp="10" pin="0"/><net_sink comp="38" pin=1"/></net>

<net id="49"><net_src comp="38" pin="3"/><net_sink comp="45" pin=0"/></net>

<net id="55"><net_src comp="6" pin="0"/><net_sink comp="50" pin=0"/></net>

<net id="56"><net_src comp="10" pin="0"/><net_sink comp="50" pin=1"/></net>

<net id="61"><net_src comp="50" pin="3"/><net_sink comp="57" pin=0"/></net>

<net id="67"><net_src comp="6" pin="0"/><net_sink comp="62" pin=0"/></net>

<net id="68"><net_src comp="10" pin="0"/><net_sink comp="62" pin=1"/></net>

<net id="69"><net_src comp="62" pin="3"/><net_sink comp="57" pin=0"/></net>

<net id="75"><net_src comp="6" pin="0"/><net_sink comp="70" pin=0"/></net>

<net id="76"><net_src comp="10" pin="0"/><net_sink comp="70" pin=1"/></net>

<net id="77"><net_src comp="70" pin="3"/><net_sink comp="57" pin=0"/></net>

<net id="81"><net_src comp="26" pin="2"/><net_sink comp="78" pin=0"/></net>

<net id="82"><net_src comp="78" pin="1"/><net_sink comp="38" pin=2"/></net>

<net id="86"><net_src comp="45" pin="2"/><net_sink comp="83" pin=0"/></net>

<net id="87"><net_src comp="83" pin="1"/><net_sink comp="50" pin=2"/></net>

<net id="94"><net_src comp="14" pin="0"/><net_sink comp="88" pin=0"/></net>

<net id="95"><net_src comp="32" pin="2"/><net_sink comp="88" pin=1"/></net>

<net id="96"><net_src comp="16" pin="0"/><net_sink comp="88" pin=2"/></net>

<net id="97"><net_src comp="18" pin="0"/><net_sink comp="88" pin=3"/></net>

<net id="102"><net_src comp="88" pin="4"/><net_sink comp="98" pin=0"/></net>

<net id="103"><net_src comp="20" pin="0"/><net_sink comp="98" pin=1"/></net>

<net id="108"><net_src comp="57" pin="2"/><net_sink comp="104" pin=0"/></net>

<net id="109"><net_src comp="22" pin="0"/><net_sink comp="104" pin=1"/></net>

<net id="110"><net_src comp="104" pin="2"/><net_sink comp="57" pin=1"/></net>

<net id="115"><net_src comp="57" pin="2"/><net_sink comp="111" pin=0"/></net>

<net id="116"><net_src comp="24" pin="0"/><net_sink comp="111" pin=1"/></net>

<net id="121"><net_src comp="111" pin="2"/><net_sink comp="117" pin=0"/></net>

<net id="125"><net_src comp="78" pin="1"/><net_sink comp="122" pin=0"/></net>

<net id="126"><net_src comp="122" pin="1"/><net_sink comp="62" pin=2"/></net>

<net id="127"><net_src comp="122" pin="1"/><net_sink comp="70" pin=2"/></net>

<net id="131"><net_src comp="38" pin="3"/><net_sink comp="128" pin=0"/></net>

<net id="132"><net_src comp="128" pin="1"/><net_sink comp="45" pin=0"/></net>

<net id="136"><net_src comp="50" pin="3"/><net_sink comp="133" pin=0"/></net>

<net id="137"><net_src comp="133" pin="1"/><net_sink comp="57" pin=0"/></net>

<net id="141"><net_src comp="98" pin="2"/><net_sink comp="138" pin=0"/></net>

<net id="145"><net_src comp="57" pin="2"/><net_sink comp="142" pin=0"/></net>

<net id="146"><net_src comp="142" pin="1"/><net_sink comp="117" pin=1"/></net>

<net id="150"><net_src comp="70" pin="3"/><net_sink comp="147" pin=0"/></net>

<net id="151"><net_src comp="147" pin="1"/><net_sink comp="57" pin=0"/></net>

<net id="155"><net_src comp="117" pin="2"/><net_sink comp="152" pin=0"/></net>

<net id="156"><net_src comp="152" pin="1"/><net_sink comp="57" pin=1"/></net>

</net_list>

</model> 
---------------- Datapath Model END ------------------

* FSMD analyzer results:
  - Output states:
  - Chain level:
	State 1
		node_father_addr : 1
		node_father_load : 2
	State 2
		tmp_2 : 1
		node_cost_addr : 2
		node_cost_load : 3
	State 3
		icmp : 1
		stg_18 : 2
		tmp_3 : 1
		stg_21 : 2
		node_cost_load_1 : 1
	State 4
		tmp1 : 1
		tmp_7 : 2
	State 5


============================================================
+ Verbose Summary: Datapath Resource usage 
============================================================

* Functional unit list:
|----------|--------------------------|---------|---------|
| Operation|      Functional Unit     |    FF   |   LUT   |
|----------|--------------------------|---------|---------|
|          |       tmp_3_fu_104       |    0    |    32   |
|    add   |        tmp1_fu_111       |    0    |    16   |
|          |       tmp_7_fu_117       |    0    |    16   |
|----------|--------------------------|---------|---------|
|   icmp   |        icmp_fu_98        |    0    |    1    |
|----------|--------------------------|---------|---------|
|   read   | position_read_read_fu_26 |    0    |    0    |
|          |     i_read_read_fu_32    |    0    |    0    |
|----------|--------------------------|---------|---------|
|   sext   |        tmp_s_fu_78       |    0    |    0    |
|          |        tmp_2_fu_83       |    0    |    0    |
|----------|--------------------------|---------|---------|
|partselect|         tmp_fu_88        |    0    |    0    |
|----------|--------------------------|---------|---------|
|   Total  |                          |    0    |    65   |
|----------|--------------------------|---------|---------|

Memories:
N/A

* Register list:
+------------------------+--------+
|                        |   FF   |
+------------------------+--------+
|      icmp_reg_138      |    1   |
|node_cost_addr_2_reg_147|   12   |
| node_cost_addr_reg_133 |   12   |
| node_cost_load_reg_142 |   32   |
|node_father_addr_reg_128|   12   |
|      tmp_7_reg_152     |   32   |
|      tmp_s_reg_122     |   64   |
+------------------------+--------+
|          Total         |   165  |
+------------------------+--------+

* Multiplexer (MUX) list: 
|------------------|------|------|------|--------||---------||---------|
|       Comp       |  Pin | Size |  BW  | S x BW ||  Delay  ||   LUT   |
|------------------|------|------|------|--------||---------||---------|
| grp_access_fu_45 |  p0  |   2  |  12  |   24   ||    12   |
| grp_access_fu_57 |  p0  |   5  |  12  |   60   ||    12   |
| grp_access_fu_57 |  p1  |   2  |  32  |   64   ||    32   |
|------------------|------|------|------|--------||---------||---------|
|       Total      |      |      |      |   148  ||  5.081  ||    56   |
|------------------|------|------|------|--------||---------||---------|



* Summary:
+-----------+--------+--------+--------+
|           |  Delay |   FF   |   LUT  |
+-----------+--------+--------+--------+
|  Function |    -   |    0   |   65   |
|   Memory  |    -   |    -   |    -   |
|Multiplexer|    5   |    -   |   56   |
|  Register |    -   |   165  |    -   |
+-----------+--------+--------+--------+
|   Total   |    5   |   165  |   121  |
+-----------+--------+--------+--------+
