@I [HLS-0] Workspace /home/jose/tfg.jose.jimenez/VivadoHLS/AStarStatic/AStarStaticHLS/solution1 opened at Fri Jun 30 11:23:11 CEST 2017
@I [HLS-100] Command "config_clock -quiet -name default -period 10 -default=false "
@I [SYN-201] Setting up clock 'default' with a period of 10ns.
@I [HLS-100] Command 'config_clock' returned 0; elapsed 7.3e-05Total elapsed time: 0.307 sec.
@I [HLS-100] Command "open_platform DefaultPlatform "
@I [HLS-100] Command 'open_platform' returned 0; elapsed 5.4e-05Total elapsed time: 0.308 sec.
@I [HLS-100] Command "import_lib /home/jose/tfg/Vivado_HLS/2015.4/common/technology/xilinx/zynq/zynq "
@I [HLS-100] Command "source /home/jose/tfg/Vivado_HLS/2015.4/common/technology/xilinx/common/xilinx.lib "
@I [HLS-100] Command "source /home/jose/tfg/Vivado_HLS/2015.4/common/technology/xilinx/interface/xilinx_interface.lib "
@I [HLS-100] Command "source /home/jose/tfg/Vivado_HLS/2015.4/common/technology/xilinx/interface/plb46.lib "
@I [HLS-100] Command 'ap_source' returned 0; elapsed 0.00042Total elapsed time: 0.308 sec.
@I [HLS-100] Command "source /home/jose/tfg/Vivado_HLS/2015.4/common/technology/xilinx/interface/fsl.lib "
@I [HLS-100] Command 'ap_source' returned 0; elapsed 0.000202Total elapsed time: 0.309 sec.
@I [HLS-100] Command "source /home/jose/tfg/Vivado_HLS/2015.4/common/technology/xilinx/interface/axi4.lib "
@I [HLS-100] Command 'ap_source' returned 0; elapsed 0.00029Total elapsed time: 0.309 sec.
@I [HLS-100] Command "source /home/jose/tfg/Vivado_HLS/2015.4/common/technology/xilinx/interface/maxi.lib "
@I [HLS-100] Command 'ap_source' returned 0; elapsed 0.000269Total elapsed time: 0.309 sec.
@I [HLS-100] Command "source /home/jose/tfg/Vivado_HLS/2015.4/common/technology/xilinx/interface/saxilite.lib "
@I [HLS-100] Command 'ap_source' returned 0; elapsed 0.000158Total elapsed time: 0.310 sec.
@I [HLS-100] Command 'ap_source' returned 0; elapsed 0.001738Total elapsed time: 0.310 sec.
@I [HLS-100] Command "source /home/jose/tfg/Vivado_HLS/2015.4/common/technology/xilinx/common/dsp48.lib "
@I [HLS-100] Command 'ap_source' returned 0; elapsed 0.000139Total elapsed time: 0.310 sec.
@I [HLS-100] Command "source /home/jose/tfg/Vivado_HLS/2015.4/common/technology/xilinx/ip/xfft.lib "
@I [HLS-100] Command 'ap_source' returned 0; elapsed 0.000101Total elapsed time: 0.310 sec.
@I [HLS-100] Command "source /home/jose/tfg/Vivado_HLS/2015.4/common/technology/xilinx/ip/dds_compiler.lib "
@I [HLS-100] Command 'ap_source' returned 0; elapsed 9.1e-05Total elapsed time: 0.310 sec.
@I [HLS-100] Command "source /home/jose/tfg/Vivado_HLS/2015.4/common/technology/xilinx/ip/xfir.lib "
@I [HLS-100] Command 'ap_source' returned 0; elapsed 9.5e-05Total elapsed time: 0.310 sec.
@I [HLS-100] Command 'ap_source' returned 0; elapsed 0.005658Total elapsed time: 0.313 sec.
@I [HLS-100] Command "source /home/jose/tfg/Vivado_HLS/2015.4/common/technology/xilinx/common/xilinx_old.lib "
@I [HLS-100] Command 'ap_source' returned 0; elapsed 0.000985Total elapsed time: 0.317 sec.
@I [HLS-100] Command "source /home/jose/tfg/Vivado_HLS/2015.4/common/technology/xilinx/common/xilinx_vivado.lib "
@I [HLS-100] Command 'ap_source' returned 0; elapsed 0.000907Total elapsed time: 0.318 sec.
@I [HLS-100] Command "source /home/jose/tfg/Vivado_HLS/2015.4/common/technology/xilinx/common/xilinx.hlp "
@I [HLS-100] Command "source /home/jose/tfg/Vivado_HLS/2015.4/common/technology/xilinx/common/target_info.tcl "
@I [HLS-100] Command 'ap_source' returned 0; elapsed 0.000142Total elapsed time: 0.321 sec.
@I [HLS-100] Command "source /home/jose/tfg/Vivado_HLS/2015.4/common/technology/xilinx/interface/xilinx_interface.hlp "
@I [HLS-100] Command "source /home/jose/tfg/Vivado_HLS/2015.4/common/technology/xilinx/interface/maxi.hlp "
@I [HLS-100] Command 'ap_source' returned 0; elapsed 0.000113Total elapsed time: 0.321 sec.
@I [HLS-100] Command "source /home/jose/tfg/Vivado_HLS/2015.4/common/technology/xilinx/interface/saxilite.hlp "
@I [HLS-100] Command 'ap_source' returned 0; elapsed 0.000111Total elapsed time: 0.321 sec.
@I [HLS-100] Command 'ap_source' returned 0; elapsed 0.000385Total elapsed time: 0.321 sec.
@I [HLS-100] Command "source /home/jose/tfg/Vivado_HLS/2015.4/common/technology/xilinx/common/dsp48.hlp "
@I [HLS-100] Command 'ap_source' returned 0; elapsed 0.000734Total elapsed time: 0.322 sec.
@I [HLS-100] Command 'ap_source' returned 0; elapsed 0.002593Total elapsed time: 0.323 sec.
@I [HLS-100] Command "source /home/jose/tfg/Vivado_HLS/2015.4/common/technology/xilinx/zynq/dsp48e1.hlp "
@I [HLS-100] Command 'ap_source' returned 0; elapsed 0.000103Total elapsed time: 0.323 sec.
@I [HLS-100] Command "get_default_platform "
@I [HLS-100] Command 'get_default_platform' returned 0; elapsed 6e-06Total elapsed time: 0.323 sec.
@I [HLS-100] Command "config_chip_info -quiet -resource  {SLICE 13300}  {LUT 53200}     {FF 106400} {DSP48E 220}   {BRAM 280}  "
@I [HLS-100] Command 'config_chip_info' returned 0; elapsed 1.9e-05Total elapsed time: 0.323 sec.
@I [HLS-100] Command "config_chip_info -quiet -speed medium "
@I [HLS-100] Command 'config_chip_info' returned 0; elapsed 6e-06Total elapsed time: 0.324 sec.
@I [HLS-100] Command 'import_lib' returned 0; elapsed 0.017692Total elapsed time: 0.325 sec.
@I [HLS-100] Command "source /home/jose/tfg/Vivado_HLS/2015.4/common/technology/xilinx/zynq/zynq.gen "
@I [HLS-100] Command "source /home/jose/tfg/Vivado_HLS/2015.4/common/technology/xilinx/common/virtex.gen "
@I [HLS-100] Command "source /home/jose/tfg/Vivado_HLS/2015.4/common/technology/xilinx/common/xilinx.gen "
@I [HLS-100] Command "source /home/jose/tfg/Vivado_HLS/2015.4/common/technology/xilinx/interface/plb46.gen "
@I [HLS-100] Command 'ap_source' returned 0; elapsed 0.001246Total elapsed time: 0.327 sec.
@I [HLS-100] Command "source /home/jose/tfg/Vivado_HLS/2015.4/common/technology/xilinx/interface/fsl.gen "
@I [HLS-100] Command 'ap_source' returned 0; elapsed 0.000463Total elapsed time: 0.328 sec.
@I [HLS-100] Command "source /home/jose/tfg/Vivado_HLS/2015.4/common/technology/xilinx/interface/axi4.gen "
@I [HLS-100] Command 'ap_source' returned 0; elapsed 0.002359Total elapsed time: 0.330 sec.
@I [HLS-100] Command "source /home/jose/tfg/Vivado_HLS/2015.4/common/technology/xilinx/interface/nativeAXI4.gen "
@I [HLS-100] Command "source /home/jose/tfg/Vivado_HLS/2015.4/common/technology/xilinx/interface/saxilite.gen "
@I [HLS-100] Command 'ap_source' returned 0; elapsed 0.004359Total elapsed time: 0.335 sec.
@I [HLS-100] Command "source /home/jose/tfg/Vivado_HLS/2015.4/common/technology/xilinx/interface/maxi.gen "
@I [HLS-100] Command 'ap_source' returned 0; elapsed 0.009091Total elapsed time: 0.344 sec.
@I [HLS-100] Command 'ap_source' returned 0; elapsed 0.013677Total elapsed time: 0.344 sec.
@I [HLS-100] Command "source /home/jose/tfg/Vivado_HLS/2015.4/common/technology/xilinx/scripts/xilinxcoregen.gen "
@I [HLS-100] Command 'ap_source' returned 0; elapsed 0.010678Total elapsed time: 0.355 sec.
@I [HLS-100] Command "source /home/jose/tfg/Vivado_HLS/2015.4/common/technology/xilinx/interface/XilEDKCoreGen.gen "
@I [HLS-100] Command 'ap_source' returned 0; elapsed 0.010242Total elapsed time: 0.365 sec.
@I [HLS-100] Command "source /home/jose/tfg/Vivado_HLS/2015.4/common/technology/xilinx/ip/dds_compiler.gen "
@I [HLS-100] Command 'ap_source' returned 0; elapsed 0.004087Total elapsed time: 0.369 sec.
@I [HLS-100] Command "source /home/jose/tfg/Vivado_HLS/2015.4/common/technology/xilinx/ip/util.gen "
@I [HLS-100] Command 'ap_source' returned 0; elapsed 0.000158Total elapsed time: 0.370 sec.
@I [HLS-100] Command "source /home/jose/tfg/Vivado_HLS/2015.4/common/technology/xilinx/ip/xfft.gen "
@I [HLS-100] Command 'ap_source' returned 0; elapsed 0.13924Total elapsed time: 0.509 sec.
@I [HLS-100] Command "source /home/jose/tfg/Vivado_HLS/2015.4/common/technology/xilinx/ip/xfir.gen "
@I [HLS-100] Command "source /home/jose/tfg/Vivado_HLS/2015.4/tps/tcl/tcllib1.11.1/struct/list.tcl "
@I [HLS-100] Command "source /home/jose/tfg/Vivado_HLS/2015.4/tps/tcl/tcllib1.11.1/cmdline/cmdline.tcl "
@I [HLS-100] Command 'ap_source' returned 0; elapsed 0.000857Total elapsed time: 0.527 sec.
@I [HLS-100] Command 'ap_source' returned 0; elapsed 0.00198Total elapsed time: 0.528 sec.
@I [HLS-100] Command "source /home/jose/tfg/Vivado_HLS/2015.4/tps/tcl/tcllib1.11.1/math/bignum.tcl "
@I [HLS-100] Command 'ap_source' returned 0; elapsed 0.000731Total elapsed time: 0.542 sec.
@I [HLS-100] Command 'ap_source' returned 0; elapsed 0.040442Total elapsed time: 0.549 sec.
@I [HLS-100] Command 'ap_source' returned 0; elapsed 0.223484Total elapsed time: 0.549 sec.
@I [HLS-100] Command "source /home/jose/tfg/Vivado_HLS/2015.4/common/technology/xilinx/common/dsp48.gen "
@I [HLS-100] Command 'ap_source' returned 0; elapsed 0.000214Total elapsed time: 0.551 sec.
@I [HLS-100] Command 'ap_source' returned 0; elapsed 0.225842Total elapsed time: 0.551 sec.
@I [HLS-100] Command 'ap_source' returned 0; elapsed 0.225994Total elapsed time: 0.552 sec.
@I [HLS-100] Command "open_platform DefaultPlatform "
@I [HLS-100] Command 'open_platform' returned 0; elapsed 8e-06Total elapsed time: 0.552 sec.
@I [HLS-100] Command "import_lib /home/jose/tfg/Vivado_HLS/2015.4/common/technology/xilinx/zynq/zynq_fpv6 "
@I [HLS-100] Command "source /home/jose/tfg/Vivado_HLS/2015.4/common/technology/xilinx/common/xilinx_fpv7.lib "
@I [HLS-100] Command "source /home/jose/tfg/Vivado_HLS/2015.4/common/technology/xilinx/common/xilinx_hp.lib "
@I [HLS-100] Command 'ap_source' returned 0; elapsed 0.000933Total elapsed time: 0.553 sec.
@I [HLS-100] Command 'ap_source' returned 0; elapsed 0.005095Total elapsed time: 0.557 sec.
@I [HLS-100] Command "source /home/jose/tfg/Vivado_HLS/2015.4/common/technology/xilinx/common/xilinx_fpv.hlp "
@I [HLS-100] Command "source /home/jose/tfg/Vivado_HLS/2015.4/common/technology/xilinx/common/xilinx.hlp "
@I [HLS-100] Command "source /home/jose/tfg/Vivado_HLS/2015.4/common/technology/xilinx/common/target_info.tcl "
@I [HLS-100] Command 'ap_source' returned 0; elapsed 0.00019Total elapsed time: 0.565 sec.
@I [HLS-100] Command "source /home/jose/tfg/Vivado_HLS/2015.4/common/technology/xilinx/interface/xilinx_interface.hlp "
@I [HLS-100] Command "source /home/jose/tfg/Vivado_HLS/2015.4/common/technology/xilinx/interface/maxi.hlp "
@I [HLS-100] Command 'ap_source' returned 0; elapsed 0.000118Total elapsed time: 0.565 sec.
@I [HLS-100] Command "source /home/jose/tfg/Vivado_HLS/2015.4/common/technology/xilinx/interface/saxilite.hlp "
@I [HLS-100] Command 'ap_source' returned 0; elapsed 0.000116Total elapsed time: 0.566 sec.
@I [HLS-100] Command 'ap_source' returned 0; elapsed 0.000395Total elapsed time: 0.566 sec.
@I [HLS-100] Command "source /home/jose/tfg/Vivado_HLS/2015.4/common/technology/xilinx/common/dsp48.hlp "
@I [HLS-100] Command 'ap_source' returned 0; elapsed 0.000721Total elapsed time: 0.567 sec.
@I [HLS-100] Command 'ap_source' returned 0; elapsed 0.002586Total elapsed time: 0.567 sec.
@I [HLS-100] Command 'ap_source' returned 0; elapsed 0.003288Total elapsed time: 0.568 sec.
@I [HLS-100] Command "source /home/jose/tfg/Vivado_HLS/2015.4/common/technology/xilinx/zynq/zynq_hp.hlp "
@I [HLS-100] Command 'ap_source' returned 0; elapsed 0.001106Total elapsed time: 0.569 sec.
@I [HLS-100] Command 'import_lib' returned 0; elapsed 0.022708Total elapsed time: 0.574 sec.
@I [HLS-100] Command "source /home/jose/tfg/Vivado_HLS/2015.4/common/technology/xilinx/zynq/zynq_fpv6.gen "
@I [HLS-100] Command "source /home/jose/tfg/Vivado_HLS/2015.4/common/technology/xilinx/common/xilinx_fpv6.gen "
@I [HLS-100] Command 'ap_source' returned 0; elapsed 0.001876Total elapsed time: 0.577 sec.
@I [HLS-100] Command 'ap_source' returned 0; elapsed 0.00205Total elapsed time: 0.577 sec.
@I [HLS-100] Command "set_part xc7z020clg484-1 "
@I [HLS-100] Command "add_library xilinx/zynq/zynq:xc7z020:clg484:-1 "
@I [HLS-100] Command "get_default_platform "
@I [HLS-100] Command 'get_default_platform' returned 0; elapsed 6e-06Total elapsed time: 0.581 sec.
@I [HLS-100] Command "license_isbetapart xc7z020 "
@I [HLS-100] Command 'license_isbetapart' returned 1; elapsed 0.008469Total elapsed time: 0.590 sec.
@I [HLS-100] Command "get_default_platform "
@I [HLS-100] Command 'get_default_platform' returned 0; elapsed 1e-05Total elapsed time: 0.591 sec.
@I [HLS-100] Command "config_chip_info -quiet -resource  {SLICE 13300}  {LUT 53200}     {FF 106400} {DSP48E 220}   {BRAM 280}  "
@I [HLS-100] Command 'config_chip_info' returned 0; elapsed 1.9e-05Total elapsed time: 0.591 sec.
@I [HLS-100] Command "config_chip_info -quiet -speed slow "
@I [HLS-100] Command 'config_chip_info' returned 0; elapsed 5e-06Total elapsed time: 0.591 sec.
@I [HLS-100] Command 'add_library' returned 0; elapsed 0.01179Total elapsed time: 0.593 sec.
@I [HLS-100] Command "add_library xilinx/zynq/zynq_fpv6 "
@I [HLS-100] Command "get_default_platform "
@I [HLS-100] Command 'get_default_platform' returned 0; elapsed 5e-06Total elapsed time: 0.593 sec.
@I [HLS-100] Command 'add_library' returned 0; elapsed 0.00155Total elapsed time: 0.594 sec.
@I [HLS-10] Setting target device to 'xc7z020clg484-1'
@I [HLS-100] Command 'set_part' returned 0; elapsed 0.016975Total elapsed time: 0.594 sec.
@I [HLS-100] Command "get_default_platform "
@I [HLS-100] Command 'get_default_platform' returned 0; elapsed 4e-06Total elapsed time: 0.594 sec.
@I [HLS-100] Command "config_chip_info -quiet -resource  {SLICE 13300}  {LUT 53200}     {FF 106400} {DSP48E 220}   {BRAM 280}  "
@I [HLS-100] Command 'config_chip_info' returned 0; elapsed 1.4e-05Total elapsed time: 0.594 sec.
@I [HLS-100] Command "config_chip_info -quiet -speed slow "
@I [HLS-100] Command 'config_chip_info' returned 0; elapsed 5e-06Total elapsed time: 0.594 sec.
@I [HLS-100] Command 'open_solution' returned 0; elapsed 0.293803Total elapsed time: 0.595 sec.
@I [HLS-100] Command "set_part xc7z020clg484-1 "
@I [HLS-100] Command "add_library xilinx/zynq/zynq:xc7z020:clg484:-1 "
@I [HLS-100] Command "get_default_platform "
@I [HLS-100] Command 'get_default_platform' returned 0; elapsed 5e-06Total elapsed time: 0.598 sec.
@I [HLS-100] Command "license_isbetapart xc7z020 "
@I [HLS-100] Command 'license_isbetapart' returned 1; elapsed 4.5e-05Total elapsed time: 0.598 sec.
@I [HLS-100] Command "get_default_platform "
@I [HLS-100] Command 'get_default_platform' returned 0; elapsed 4e-06Total elapsed time: 0.599 sec.
@I [HLS-100] Command "config_chip_info -quiet -resource  {SLICE 13300}  {LUT 53200}     {FF 106400} {DSP48E 220}   {BRAM 280}  "
@I [HLS-100] Command 'config_chip_info' returned 0; elapsed 1.4e-05Total elapsed time: 0.599 sec.
@I [HLS-100] Command "config_chip_info -quiet -speed slow "
@I [HLS-100] Command 'config_chip_info' returned 0; elapsed 1.9e-05Total elapsed time: 0.599 sec.
@I [HLS-100] Command 'add_library' returned 0; elapsed 0.002545Total elapsed time: 0.600 sec.
@I [HLS-100] Command "add_library xilinx/zynq/zynq_fpv6 "
@I [HLS-100] Command "get_default_platform "
@I [HLS-100] Command 'get_default_platform' returned 0; elapsed 3e-06Total elapsed time: 0.600 sec.
@I [HLS-100] Command 'add_library' returned 0; elapsed 0.001529Total elapsed time: 0.601 sec.
@I [HLS-100] Command 'set_part' returned 0; elapsed 0.005974Total elapsed time: 0.601 sec.
@I [HLS-100] Command "create_clock -period 10 -name default "
@I [HLS-100] Command 'create_clock' returned 0; elapsed 0.0011Total elapsed time: 0.602 sec.
@I [HLS-100] Command "csynth_design "
@I [HLS-100] Command "elaborate -effort=medium -skip_syncheck=0 -keep_printf=0 -lm=0 -skip_cdt=0 -skip_transform=0 -ng=0 -g=0 -opt_fp=0 "
@I [HLS-10] Analyzing design file 'aStarStatic.cpp' ... 
@0 [HLS-0] Analyzing design file 'aStarStatic.cpp' ... 
@I [HLS-0] Compiling one TU...
@I [HLS-0] 
Checking before pre-process: exec clang -fno-limit-debug-info -gcc-toolchain "/home/jose/tfg/Vivado_HLS/2015.4/lnx64/tools/gcc" -hls    -fno-math-errno -c -emit-llvm -O0  -mllvm -disable-llvm-optzns -fno-threadsafe-statics  -fno-use-cxa-atexit  -fno-threadsafe-statics -fno-use-cxa-atexit   -I "/home/jose/tfg/Vivado_HLS/2015.4/lnx64/tools/systemc/include" -I "/home/jose/tfg/Vivado_HLS/2015.4/include" -I "/home/jose/tfg/Vivado_HLS/2015.4/include/ap_sysc" -fexceptions -I "/home/jose/tfg/Vivado_HLS/2015.4/common/technology/autopilot" -include etc/autopilot_ssdm_op.h "aStarStatic.cpp"  -o "/home/jose/tfg.jose.jimenez/VivadoHLS/AStarStatic/AStarStaticHLS/solution1/.autopilot/db/aStarStatic.pp.00.o"

@I [HLS-100] Command "is_encrypted /home/jose/tfg.jose.jimenez/VivadoHLS/AStarStatic/AStarStaticHLS/solution1/.autopilot/db/aStarStatic.pp.00.o "
@I [HLS-100] Command 'is_encrypted' returned 0; elapsed 0.00011Total elapsed time: 0.851 sec.
@I [HLS-0] Syntax Checker time: 0 seconds per iteration
@I [HLS-0] 
Source preprocessing: exec clang -fno-limit-debug-info -gcc-toolchain "/home/jose/tfg/Vivado_HLS/2015.4/lnx64/tools/gcc" -hls -fno-exceptions  -D__llvm__  -CC -E "aStarStatic.cpp"     -fno-math-errno -c -emit-llvm -O0  -mllvm -disable-llvm-optzns -fno-threadsafe-statics  -fno-use-cxa-atexit  -fno-threadsafe-statics -fno-use-cxa-atexit -DAESL_SYN -D__SYNTHESIS__ -D__HLS_SYN__ -I "/home/jose/tfg/Vivado_HLS/2015.4/common/technology/autopilot" -I "/home/jose/tfg/Vivado_HLS/2015.4/common/technology/autopilot/ap_sysc" -include etc/autopilot_ssdm_op.h  -o "/home/jose/tfg.jose.jimenez/VivadoHLS/AStarStatic/AStarStaticHLS/solution1/.autopilot/db/aStarStatic.pp.0.cpp"

@I [HLS-0] GCC PP time: 0 seconds per iteration
@I [HLS-100] Command "list_core -type functional_unit "
@I [HLS-100] Command 'list_core' returned 0; elapsed 0.000125Total elapsed time: 0.942 sec.
@I [HLS-0] Marker-Pragma convertor: /home/jose/tfg.jose.jimenez/VivadoHLS/AStarStatic/AStarStaticHLS/solution1/.autopilot/db/aStarStatic.pp.0.cpp /home/jose/tfg.jose.jimenez/VivadoHLS/AStarStatic/AStarStaticHLS/solution1/.autopilot/db/aStarStatic.pp.0.cpp.ap-line.cpp /home/jose/tfg.jose.jimenez/VivadoHLS/AStarStatic/AStarStaticHLS/solution1/.autopilot/db/aStarStatic.pp.0.cpp.ap-line.cpp.CXX 1
@I [HLS-0] 
Source processor: exec /home/jose/tfg/Vivado_HLS/2015.4/tps/lnx64/jre/bin/java -Xmx512m -classpath   "/home/jose/tfg/Vivado_HLS/2015.4/lib/classes/autopilot.sourceprocessor.jar:/home/jose/tfg/Vivado_HLS/2015.4/lib/classes/org.eclipse.cdt.core_5.3.0.xilinx_patch.jar:/home/jose/tfg/Vivado_HLS/2015.4/lib/classes/org.eclipse.core.runtime_3.7.0.v20110110.jar:/home/jose/tfg/Vivado_HLS/2015.4/lib/classes/org.eclipse.equinox.common_3.6.0.v20110523.jar:/home/jose/tfg/Vivado_HLS/2015.4/lib/classes/com.ibm.icu_4.4.2.v20110208.jar:/home/jose/tfg/Vivado_HLS/2015.4/lib/classes/jargs.jar:/home/jose/tfg/Vivado_HLS/2015.4/lnx64/tools/eclipse/plugins/org.eclipse.emf.common_2.10.1.v20150123-0348.jar:/home/jose/tfg/Vivado_HLS/2015.4/lnx64/tools/eclipse/plugins/org.eclipse.emf.ecore_2.10.2.v20150123-0348.jar:/home/jose/tfg/Vivado_HLS/2015.4/lnx64/tools/eclipse/plugins/org.eclipse.emf.ecore.xmi_2.10.2.v20150123-0348.jar:/home/jose/tfg/Vivado_HLS/2015.4/lnx64/tools/eclipse/plugins/com.autoesl.autopilot.ui.directiveFileModel_1.0.0.jar:/home/jose/tfg/Vivado_HLS/2015.4/lnx64/tools/eclipse/plugins/com.autoesl.autopilot.ui.common_1.0.0.jar"  autopilot.sourceprocessor.CParser  "/home/jose/tfg.jose.jimenez/VivadoHLS/AStarStatic/AStarStaticHLS/solution1/.autopilot/db/aStarStatic.pp.0.cpp.ap-line.cpp"  -m "aStar" -o "/home/jose/tfg.jose.jimenez/VivadoHLS/AStarStatic/AStarStaticHLS/solution1/.autopilot/db/aStarStatic.pp.0.cpp.ap-cdt.cpp" --pp --directive /home/jose/tfg.jose.jimenez/VivadoHLS/AStarStatic/AStarStaticHLS/solution1/solution1.directive --source /home/jose/tfg.jose.jimenez/VivadoHLS/AStarStatic/aStarStatic.cpp --error /home/jose/tfg.jose.jimenez/VivadoHLS/AStarStatic/AStarStaticHLS/solution1/.autopilot/db --funcunit "AddSub AddSub_DSP AddSubnS DAddSub_fulldsp DAddSub_nodsp DDiv DExp_fulldsp DExp_meddsp DExp_nodsp DLog_fulldsp DLog_meddsp DLog_nodsp DMul_fulldsp DMul_maxdsp DMul_meddsp DMul_nodsp DRSqrt DRecip DSqrt DivnS FAddSub_fulldsp FAddSub_nodsp FDiv FExp_fulldsp FExp_meddsp FExp_nodsp FLog_fulldsp FLog_meddsp FLog_nodsp FMul_fulldsp FMul_maxdsp FMul_meddsp FMul_nodsp FRSqrt_fulldsp FRSqrt_nodsp FRecip_fulldsp FRecip_nodsp FSqrt HAddSub_nodsp HDiv HMul_fulldsp HMul_maxdsp HMul_nodsp HSqrt Mul Mul2S Mul3S Mul4S Mul5S Mul6S Mul_LUT MulnS MuxnS" --ve --vetcl /home/jose/tfg.jose.jimenez/VivadoHLS/AStarStatic/AStarStaticHLS/solution1/.autopilot/db --ca --es --gf --df --pd --p2d /home/jose/tfg.jose.jimenez/VivadoHLS/AStarStatic/AStarStaticHLS/solution1/.autopilot/db --sd --scff /home/jose/tfg.jose.jimenez/VivadoHLS/AStarStatic/AStarStaticHLS/solution1/.autopilot/db/.systemc_flag --ad

@I [HLS-0] Error:Syntax error in source:for (__decltype(__n + 0) __niter = __n;
Error:Missing ; in source:t
Error:Syntax error in source:)
 *__first = __value;
Error:Syntax error in source:for (__decltype(__n + 0) __niter = __n;
Error:Missing ; in source:t
Error:Syntax error in source:)
 *__first = __tmp;
@I [HLS-0] Marker-Pragma convertor: /home/jose/tfg.jose.jimenez/VivadoHLS/AStarStatic/AStarStaticHLS/solution1/.autopilot/db/aStarStatic.pp.0.cpp.ap-cdt.cpp /home/jose/tfg.jose.jimenez/VivadoHLS/AStarStatic/AStarStaticHLS/solution1/.autopilot/db/aStarStatic.pragma.0.cpp /home/jose/tfg.jose.jimenez/VivadoHLS/AStarStatic/AStarStaticHLS/solution1/.autopilot/db/aStarStatic.pragma.0.cpp.ap-line.CXX 0
@I [HLS-100] Command "source /home/jose/tfg.jose.jimenez/VivadoHLS/AStarStatic/AStarStaticHLS/solution1/.autopilot/db/pragma.status.tcl "
@I [HLS-100] Command 'ap_source' returned 0; elapsed 0.000101Total elapsed time: 5.51 sec.
@I [HLS-0] CDT processor time: 4 seconds per iteration
@I [HLS-0] Pragma handling time: 1 seconds per iteration
@I [HLS-0] 
Source preprocessing: exec clang -fno-limit-debug-info -gcc-toolchain "/home/jose/tfg/Vivado_HLS/2015.4/lnx64/tools/gcc" -hls -fno-exceptions  -D__llvm__  -CC -E "/home/jose/tfg.jose.jimenez/VivadoHLS/AStarStatic/AStarStaticHLS/solution1/.autopilot/db/aStarStatic.pragma.1.cpp"     -fno-math-errno -c -emit-llvm -O0  -mllvm -disable-llvm-optzns -fno-threadsafe-statics  -fno-use-cxa-atexit  -fno-threadsafe-statics -fno-use-cxa-atexit -DAESL_SYN -D__SYNTHESIS__ -D__HLS_SYN__ -I "/home/jose/tfg/Vivado_HLS/2015.4/common/technology/autopilot" -I "/home/jose/tfg/Vivado_HLS/2015.4/common/technology/autopilot/ap_sysc" -include etc/autopilot_ssdm_op.h  -o "/home/jose/tfg.jose.jimenez/VivadoHLS/AStarStatic/AStarStaticHLS/solution1/.autopilot/db/aStarStatic.pragma.2.cpp"

@I [HLS-0] exec clang -fno-limit-debug-info -gcc-toolchain /home/jose/tfg/Vivado_HLS/2015.4/lnx64/tools/gcc -hls -hls-analyze-label -hls-analyze-pragma -fno-exceptions  -D__llvm__  -w  "/home/jose/tfg.jose.jimenez/VivadoHLS/AStarStatic/AStarStaticHLS/solution1/.autopilot/db/aStarStatic.pragma.2.cpp"    -fno-math-errno -c -emit-llvm -O0  -mllvm -disable-llvm-optzns -fno-threadsafe-statics  -fno-use-cxa-atexit -DAESL_SYN -D__SYNTHESIS__ -D__HLS_SYN__ -I "/home/jose/tfg/Vivado_HLS/2015.4/common/technology/autopilot" -I "/home/jose/tfg/Vivado_HLS/2015.4/common/technology/autopilot/ap_sysc" -include etc/autopilot_ssdm_op.h -g -o "/home/jose/tfg.jose.jimenez/VivadoHLS/AStarStatic/AStarStaticHLS/solution1/.autopilot/db/aStarStatic.g.bc"
@I [HLS-100] Command "source /home/jose/tfg.jose.jimenez/VivadoHLS/AStarStatic/AStarStaticHLS/solution1/.autopilot/db/ve_warning.tcl "
@I [HLS-100] Command 'ap_source' returned 0; elapsed 9.1e-05Total elapsed time: 6.472 sec.
@I [HLS-10] Validating synthesis directives ...
@0 [HLS-0] Validating synthesis directives ...
@I [HLS-100] Command "source /home/jose/tfg.jose.jimenez/VivadoHLS/AStarStatic/AStarStaticHLS/solution1/.autopilot/db/pragma.status.tcl "
@I [HLS-100] Command 'ap_source' returned 0; elapsed 5.2e-05Total elapsed time: 6.473 sec.
@I [HLS-0] Linking all ...
@I [HLS-0] exec llvm-ld  "/home/jose/tfg.jose.jimenez/VivadoHLS/AStarStatic/AStarStaticHLS/solution1/.autopilot/db/aStarStatic.bc"  -disable-opt  -L/home/jose/tfg/Vivado_HLS/2015.4/lnx64/lib -lm_basic -o "/home/jose/tfg.jose.jimenez/VivadoHLS/AStarStatic/AStarStaticHLS/solution1/.autopilot/db/a.o.pre"
@I [HLS-0] Link time: 0 seconds per iteration
@I [HLS-0] Linking all ...
@I [HLS-0] exec llvm-ld  "/home/jose/tfg.jose.jimenez/VivadoHLS/AStarStatic/AStarStaticHLS/solution1/.autopilot/db/aStarStatic.g.bc"  -disable-opt  -L/home/jose/tfg/Vivado_HLS/2015.4/lnx64/lib -lm_basic -o "/home/jose/tfg.jose.jimenez/VivadoHLS/AStarStatic/AStarStaticHLS/solution1/.autopilot/db/a.g.pre"
@I [HLS-0] Link time: 0 seconds per iteration
@I [HLS-100] Command "opt_and_import_c a -opt_level=2 -skip_syncheck=0 -ng=0 -keep_printf=0 "
@I [HLS-100] Command "cleanup_all_models "
@I [HLS-100] Command 'cleanup_all_models' returned 0; elapsed 1.5e-05Total elapsed time: 6.753 sec.
@I [HLS-10] Starting code transformations ...
@0 [HLS-0] Starting code transformations ...
@I [HLS-0] std xform: transform -hls -share-std-xform -always-inline -promote-dbg-pointer  -interface-preproc  -scalarrepl -mem2reg -keep-read-access -instcombine -dce  -promote-dbg-pointer  -bitop-raise  -indvars -loop-simplify -xunroll  -constprop -instcombine -simplifycfg -indvars  -simplifycfg -dce -globaldce  -basicaa  -simplifycfg -mem2reg -globalopt  -global-constprop -deadargelim -instcombine -simplifycfg  -prune-eh -simplifycfg  -scalarrepl -instcombine -reassociate -licm  -simplifycfg -loop-simplify -indvars -instcombine  -simplifycfg -mem2reg -loop-simplify -indvars -instcombine  -gvn -gvn -instcombine -adce  -break-crit-edges  -simplifycfg -loop-delete  -global-array-opt -dce -dse -adce  -find-syn-modules -top aStar  -deadargelim  -mem2reg -instcombine -dce  -presyn-prepare -auto-rom-infer  -interface-preproc  -syn-check -check-rec-only  -find-region -simplifycfg -func-extr -function-inline  -globaldce -mem2reg -instcombine -dce   -gvn -globaldce -adce -adse  -constprop -instcombine -bit-constprop  -instcombine -dce -simplifycfg -bitop-raise  -simplifycfg -dce -loop-delete -reassociate  -globalopt -global-privatize -mem2reg -dce  -global-constprop -pointer-simplify -constprop -dce  -func-inst -deadargelim  -promote-dbg-pointer  -norm-name   /home/jose/tfg.jose.jimenez/VivadoHLS/AStarStatic/AStarStaticHLS/solution1/.autopilot/db/a.g.0.bc -o /home/jose/tfg.jose.jimenez/VivadoHLS/AStarStatic/AStarStaticHLS/solution1/.autopilot/db/a.g.1.bc -f  -phase std-opt
@I [HLS-0] Std xform time: 0 seconds per iteration
@I [HLS-100] Command "is_encrypted /home/jose/tfg.jose.jimenez/VivadoHLS/AStarStatic/AStarStaticHLS/solution1/.autopilot/db/a.g.1.bc "
@I [HLS-100] Command 'is_encrypted' returned 0; elapsed 9.9e-05Total elapsed time: 6.974 sec.
@I [HLS-10] Checking synthesizability ...
@0 [HLS-0] Checking synthesizability ...
@I [HLS-0] syn check 1/2: transform -hls -syn-check -check-rec-only -disaggr -scalarrepl -norm-name -dce  -mem2reg -instcombine  -function-uniquify -directive-preproc -mem2reg -dse -dce -auto-rom-infer -dce  -array-normalize -instcombine -dce  -array-seg-normalize -instcombine -dce  -array-flatten -instcombine -dce  -array-burst -dce  -deadargelim -promote-global-argument  -function-inline -globaldce -dce  -doublePtrSimplify -doublePtrElim -dce  -doublePtrSimplify -promote-dbg-pointer  -dce -scalarrepl -dse -adse -instcombine  -ptrLegalization  -simplifycfg -dce -instcombine  -pointer-simplify -ptrArgReplace -dce -instcombine   -disaggr -scalarrepl -norm-name -dce  -mem2reg -instcombine -ptrLegalization   -simplifycfg -deadargelim  -instcombine -dce -inst-simplify  -function-uniquify -directive-preproc -mem2reg -dse -dce  -globaldce    /home/jose/tfg.jose.jimenez/VivadoHLS/AStarStatic/AStarStaticHLS/solution1/.autopilot/db/a.g.1.bc -o /home/jose/tfg.jose.jimenez/VivadoHLS/AStarStatic/AStarStaticHLS/solution1/.autopilot/db/a.g.2.prechk.bc -f
@I [XFORM-602] Inlining function 'initNodes' into 'aStar' (aStarStatic.cpp:211) automatically.
@I [XFORM-602] Inlining function 'openNode' into 'aStar' (aStarStatic.cpp:227) automatically.
@I [XFORM-602] Inlining function 'calculateFather' into 'aStar' (aStarStatic.cpp:228) automatically.
@I [XFORM-602] Inlining function 'manhattanHeuristic' into 'aStar' (aStarStatic.cpp:229) automatically.
@I [XFORM-602] Inlining function 'costPlusHeuristic' into 'aStar' (aStarStatic.cpp:231) automatically.
@I [XFORM-602] Inlining function 'closeNode' into 'aStar' (aStarStatic.cpp:238) automatically.
@I [HLS-0] Syn check 1/2 time: 0 seconds per iteration
@I [HLS-0] syn check 2/2: transform -syn-check   /home/jose/tfg.jose.jimenez/VivadoHLS/AStarStatic/AStarStaticHLS/solution1/.autopilot/db/a.g.2.prechk.bc -o /home/jose/tfg.jose.jimenez/VivadoHLS/AStarStatic/AStarStaticHLS/solution1/.autopilot/db/a.g.2.bc -f  -phase syn-check
@I [HLS-0] Syn check 2/2 time: 0 seconds per iteration
@I [HLS-0] Compiler optimizing ...
@I [HLS-0] Share syncheck's 1.bc for syn flow: copy /home/jose/tfg.jose.jimenez/VivadoHLS/AStarStatic/AStarStaticHLS/solution1/.autopilot/db/a.g.1.bc to /home/jose/tfg.jose.jimenez/VivadoHLS/AStarStatic/AStarStaticHLS/solution1/.autopilot/db/a.o.1.bc
@I [HLS-0] presyn 1: transform -hls -tmp /home/jose/tfg.jose.jimenez/VivadoHLS/AStarStatic/AStarStaticHLS/solution1/.autopilot/db -type-info  -function-uniquify -directive-preproc -mem2reg -dse -dce  -disaggr -scalarrepl -norm-name -deadargelim  -mem2reg -instcombine -dce -auto-rom-infer -dce -function-uniquify  -resource-proc  -clib-intrinsic-prepare -dce  -func-buffer -dce -array-normalize  -func-legal -instcombine -gvn -constprop -dce   -ptrArgReplace -mem2reg -instcombine -dce  -array-seg-normalize -deadargelim  -instcombine -dce  -pointer-simplify -dce  -port-alignment -dce  -interface-preproc  -data-pack -instcombine -dce   -basicaa -aggr-aa -aggrmodref-aa -aggr-aa -gvn -gvn  -basicaa -aggr-aa -aggrmodref-aa -aggr-aa -dse -adse -adce  -loop-simplify -indvars -instcombine  -gvn -loop-simplify -mem2reg -dce -simplifycfg  -find-region -instcombine  -auto-loop-pipeline  -inst-simplify  -interface-preproc  -indvars -auto-loop-unroll -loop-simplify -loop-bound -xunroll  -constprop -instcombine -simplifycfg -indvars  -simplifycfg -dce -globaldce  -attach-range  -gvn -inst-simplify  -constprop -simplifycfg -dce  -pointer-simplify -dce  -globalopt -constprop -dce  -array-promote -constprop -instcombine -dce  -ptrArgReplace -mem2reg  -instcombine -simplifycfg -dce  -auto-par -instcombine -dce  -array-transform-check  -array-reshape -instcombine -simplifycfg -dce  -ptrArgReplace -deadargelim -mem2reg  -instcombine -simplifycfg -dce   -duplicate-dataflow-processes -globaldce  -array-partition -instcombine -simplifycfg -dce  -ptrArgReplace -global-constprop -deadargelim -mem2reg  -func-legal -instcombine -dce -global-constprop -deadargelim -mem2reg  -instcombine -simplifycfg -dce   -globalopt -constprop -dce  -array-promote -constprop -instcombine -dce  -ptrArgReplace -mem2reg  -instcombine -simplifycfg -dce   -mem-intrinsic-preproc -dce  -global-privatize  -mem2reg -globaldce  -promote-global-argument  -ptrArgReplace -mem2reg -instcombine -dce  -globalopt -mergereturn -simplify-global-access -mem2reg -dce  -pointer-simplify -dce  -functionattrs  -basicaa -aggr-aa -aggrmodref-aa -aggr-aa -gvn -gvn  -basicaa -aggr-aa -aggrmodref-aa -aggr-aa -dse -adse -adce  -inst-simplify -dce -norm-name  -function-inline -globaldce  -func-inst -constprop -instcombine -simplifycfg -dce  -func-legal -dce   -loop-bound  -arraycheck -bitwidthmin -on-by-dataflow  -loop-delete -instcombine -simplifycfg  -globaldce -dce -gvn -deadargelim -dce -loop-simplify -clean-region -simplifycfg -propagate-stable-arguments  -loop-stream -instcombine -simplifycfg -dce -globaldce  -stream-intrinsic-preproc -dce  -check-ap-stream -loop-simplify -eliminate-keepreads  -extract-dataflow-in-loop -loop-simplify -dce -gvn -deadargelim  -check-dataflow-syntax  -legalize-stream-variable -legalize-global -legalize-global-1  -extract-subproc -dce -dead-channel-elimination  -canonicalize-gep -globaldce -dce -gvn -deadargelim  -scalar-propagation -deadargelim -globaldce -mem2reg  -check-dataflow-channels -function-stream -dce -globaldce  -prop-fifo-spec -internal-stream-gen  -canonicalize-gep -globaldce -dce -gvn -deadargelim   -mergereturn -indvars -loop-simplify  -array-stream -instcombine -simplifycfg -dce  -bundle-memfifo-ops -deadargelim    -function-uniquify -directive-preproc -mem2reg -dse -dce  -group-axi-access    -licm -simplifycfg -dce -loop-delete  -norm-name  /home/jose/tfg.jose.jimenez/VivadoHLS/AStarStatic/AStarStaticHLS/solution1/.autopilot/db/a.o.1.bc -o /home/jose/tfg.jose.jimenez/VivadoHLS/AStarStatic/AStarStaticHLS/solution1/.autopilot/db/a.o.1.tmp.bc -f
@I [XFORM-102] Partitioning array 'node.coordinates' in dimension 2 automatically.
@I [XFORM-102] Partitioning array 'adjacentPosition' in dimension 2 automatically.
@I [XFORM-602] Inlining function 'initNodes' into 'aStar' (aStarStatic.cpp:211) automatically.
@I [XFORM-602] Inlining function 'openNode' into 'aStar' (aStarStatic.cpp:227) automatically.
@I [XFORM-602] Inlining function 'calculateFather' into 'aStar' (aStarStatic.cpp:228) automatically.
@I [XFORM-602] Inlining function 'manhattanHeuristic' into 'aStar' (aStarStatic.cpp:229) automatically.
@I [XFORM-602] Inlining function 'costPlusHeuristic' into 'aStar' (aStarStatic.cpp:231) automatically.
@I [XFORM-602] Inlining function 'closeNode' into 'aStar' (aStarStatic.cpp:238) automatically.
@I [HLS-0] Presyn 1 time: 0 seconds per iteration
@I [HLS-0] presyn 2: transform -hls -keep-callgraph -scalarrepl -mem2reg  -port-alignment -attach-range -dce  -pipe-mux-gen  -indvars -loop-bound  -inst-simplify -instcombine -dce  -merge-array-access -mem2reg -dce  -clean-region -mergereturn -if-conv  -instcombine -dce -constprop  -basicaa -aggr-aa -aggrmodref-aa -aggr-aa -gvn -gvn  -basicaa -aggr-aa -aggrmodref-aa -aggr-aa -dse -adse -adce  -scalarrepl -mem2reg  -global-constprop -deadargelim -deadargelim  -instcombine -dce -simplifycfg    -ptrArgReplace -mem2reg -function-inline  -globaldce -mem2reg -instcombine -dce -expr-balance  -instcombine -dce  -bitwidthmin  -directive-preproc  -inst-rectify -instcombine -dce  -functionattrs  -constprop -instcombine -bit-constprop  -simplify-global-access  -globalopt -globaldce  -inst-simplify -instcombine -elimdeaddata -dce  -loop-delete -simplifycfg   -norm-name /home/jose/tfg.jose.jimenez/VivadoHLS/AStarStatic/AStarStaticHLS/solution1/.autopilot/db/a.o.1.tmp.bc -o /home/jose/tfg.jose.jimenez/VivadoHLS/AStarStatic/AStarStaticHLS/solution1/.autopilot/db/a.o.2.bc -f  -phase presyn
@I [XFORM-401] Performing if-conversion on hyperblock from (aStarStatic.cpp:176:60) to (aStarStatic.cpp:176:54) in function 'calculateBestOption'... converting 3 basic blocks.
@I [XFORM-602] Inlining function 'calculateBestOption' into 'aStar' (aStarStatic.cpp:236) automatically.
@I [HLS-0] Presyn 2 time: 0 seconds per iteration
@I [HLS-100] Command "is_encrypted /home/jose/tfg.jose.jimenez/VivadoHLS/AStarStatic/AStarStaticHLS/solution1/.autopilot/db/a.o.2.bc "
@I [HLS-100] Command 'is_encrypted' returned 0; elapsed 0.000134Total elapsed time: 7.914 sec.
@I [HLS-0] build ssdm: transform -hls  -function-uniquify -auto-function-inline -globaldce  -ptrArgReplace -mem2reg -instcombine -dce  -reset-lda  -loop-simplify -indvars -licm -loop-dep  -loop-bound -licm -loop-simplify -flattenloopnest  -array-flatten -gvn -instcombine -dce  -array-map -dce -func-legal  -gvn -adce -instcombine -cfgopt -simplifycfg -loop-simplify   -array-burst -promote-global-argument -dce  -axi4-lower -array-seg-normalize  -basicaa -aggrmodref-aa -globalsmodref-aa -aggr-aa -gvn -gvn  -basicaa -aggrmodref-aa -globalsmodref-aa -aggr-aa -dse -adse -adce -licm  -inst-simplify -dce  -globaldce -array-stream -eliminate-keepreads -instcombine  -dce   -deadargelim -doublePtrSimplify  -doublePtrElim -dce -doublePtrSimplify -promote-dbg-pointer  -dce -scalarrepl -mem2reg -disaggr -norm-name -mem2reg  -instcombine  -dse -adse -adce -ptrLegalization -dce -auto-rom-infer -array-flatten -dce -instcombine  -loop-rot -constprop -cfgopt -simplifycfg -loop-simplify -indvars -pointer-simplify -dce -loop-bound  -loop-simplify -loop-preproc  -constprop -global-constprop -gvn -mem2reg -instcombine -dce  -loop-merge -dce  -bitwidthmin  -deadargelim -dce  -scalar-propagation -deadargelim -globaldce -mem2reg  -interface-preproc -interface-gen  -deadargelim -directive-preproc -inst-simplify -dce  -gvn -mem2reg -instcombine -dce -adse  -loop-bound  -instcombine -cfgopt -simplifycfg -loop-simplify  -clean-region -io-protocol  -find-region -mem2reg  -bitop-raise  -inst-simplify -inst-rectify -instcombine -adce -deadargelim  -loop-simplify -phi-opt -bitop-raise  -cfgopt -simplifycfg -strip-dead-prototypes  -interface-lower -bitop-lower -intrinsic-lower -auto-function-inline  -basicaa -aggrmodref-aa -globalsmodref-aa -aggr-aa  -inst-simplify -simplifycfg   -mergereturn -inst-simplify -inst-rectify  -dce -bitop-lower  -loop-rewind -pointer-simplify -dce -cfgopt  -read-loop-dep -dce -bitwidth -norm-name -legalize    -cdfg-build  /home/jose/tfg.jose.jimenez/VivadoHLS/AStarStatic/AStarStaticHLS/solution1/.autopilot/db/a.o.2.bc -o /home/jose/tfg.jose.jimenez/VivadoHLS/AStarStatic/AStarStaticHLS/solution1/.autopilot/db/a.o.3.bc -f  -phase build-ssdm
@I [HLS-0] Build ssdm time: 0 seconds per iteration
@I [HLS-100] Command "is_encrypted /home/jose/tfg.jose.jimenez/VivadoHLS/AStarStatic/AStarStaticHLS/solution1/.autopilot/db/a.o.3.bc "
@I [HLS-100] Command 'is_encrypted' returned 0; elapsed 9.6e-05Total elapsed time: 8.600 sec.
@I [HLS-0] Finish building internal data model.
@I [HLS-100] Command 'opt_and_import_c' returned 0; elapsed 1.68226Total elapsed time: 8.632 sec.
@I [HLS-111] Elapsed time: 4.90906 seconds; current memory usage: 86 MB.
@I [HLS-100] Command 'elaborate' returned 0; elapsed 4.30593Total elapsed time: 8.632 sec.
@I [HLS-100] Command "autosyn "
@I [HLS-10] Starting hardware synthesis ...
@0 [HLS-0] Starting hardware synthesis ...
@I [HLS-0] Synthesizing C/C++ design ...
@I [HLS-10] Synthesizing 'aStar' ...
@0 [HLS-0] Synthesizing 'aStar' ...
@I [HLS-100] Command "ap_set_top_model aStar "
@I [HLS-100] Command 'ap_set_top_model' returned 0; elapsed 0.000109Total elapsed time: 8.633 sec.
@I [HLS-100] Command "get_model_list aStar -filter all-wo-channel -topdown "
@I [HLS-100] Command 'get_model_list' returned 0; elapsed 4.5e-05Total elapsed time: 8.633 sec.
@I [HLS-100] Command "preproc_iomode -model aStar "
@I [HLS-100] Command 'preproc_iomode' returned 0; elapsed 0.000197Total elapsed time: 8.634 sec.
@I [HLS-100] Command "preproc_iomode -model aStar_calculateCost "
@I [HLS-100] Command 'preproc_iomode' returned 0; elapsed 6.6e-05Total elapsed time: 8.634 sec.
@I [HLS-100] Command "preproc_iomode -model aStar_adjacentNodes "
@I [HLS-100] Command 'preproc_iomode' returned 0; elapsed 9.6e-05Total elapsed time: 8.634 sec.
@I [HLS-100] Command "get_model_list aStar -filter all-wo-channel "
@I [HLS-100] Command 'get_model_list' returned 0; elapsed 2.4e-05Total elapsed time: 8.634 sec.
@I [HLS-0] Model list for configure: aStar_adjacentNodes aStar_calculateCost aStar
@I [HLS-0] Configuring Module : aStar_adjacentNodes ...
@I [HLS-100] Command "set_default_model aStar_adjacentNodes "
@I [HLS-100] Command 'set_default_model' returned 0; elapsed 2.5e-05Total elapsed time: 8.634 sec.
@I [HLS-100] Command "apply_spec_resource_limit aStar_adjacentNodes "
@I [HLS-100] Command 'apply_spec_resource_limit' returned 0; elapsed 2.2e-05Total elapsed time: 8.635 sec.
@I [HLS-0] Configuring Module : aStar_calculateCost ...
@I [HLS-100] Command "set_default_model aStar_calculateCost "
@I [HLS-100] Command 'set_default_model' returned 0; elapsed 1.1e-05Total elapsed time: 8.635 sec.
@I [HLS-100] Command "apply_spec_resource_limit aStar_calculateCost "
@I [HLS-100] Command 'apply_spec_resource_limit' returned 0; elapsed 8e-06Total elapsed time: 8.635 sec.
@I [HLS-0] Configuring Module : aStar ...
@I [HLS-100] Command "set_default_model aStar "
@I [HLS-100] Command 'set_default_model' returned 0; elapsed 2.9e-05Total elapsed time: 8.635 sec.
@I [HLS-100] Command "apply_spec_resource_limit aStar "
@I [HLS-100] Command 'apply_spec_resource_limit' returned 0; elapsed 4.2e-05Total elapsed time: 8.635 sec.
@I [HLS-0] Model list for preprocess: aStar_adjacentNodes aStar_calculateCost aStar
@I [HLS-0] Preprocessing Module: aStar_adjacentNodes ...
@I [HLS-100] Command "set_default_model aStar_adjacentNodes "
@I [HLS-100] Command 'set_default_model' returned 0; elapsed 1e-05Total elapsed time: 8.635 sec.
@I [HLS-100] Command "cdfg_preprocess -model aStar_adjacentNodes "
@I [HLS-100] Command 'cdfg_preprocess' returned 0; elapsed 0.002971Total elapsed time: 8.638 sec.
@I [HLS-100] Command "rtl_gen_preprocess aStar_adjacentNodes "
@I [HLS-100] Command 'rtl_gen_preprocess' returned 0; elapsed 0.000956Total elapsed time: 8.639 sec.
@I [HLS-0] Preprocessing Module: aStar_calculateCost ...
@I [HLS-100] Command "set_default_model aStar_calculateCost "
@I [HLS-100] Command 'set_default_model' returned 0; elapsed 1.1e-05Total elapsed time: 8.639 sec.
@I [HLS-100] Command "cdfg_preprocess -model aStar_calculateCost "
@I [HLS-100] Command 'cdfg_preprocess' returned 0; elapsed 0.00017Total elapsed time: 8.639 sec.
@I [HLS-100] Command "rtl_gen_preprocess aStar_calculateCost "
@I [HLS-100] Command 'rtl_gen_preprocess' returned 0; elapsed 0.000798Total elapsed time: 8.640 sec.
@I [HLS-0] Preprocessing Module: aStar ...
@I [HLS-100] Command "set_default_model aStar "
@I [HLS-100] Command 'set_default_model' returned 0; elapsed 2.7e-05Total elapsed time: 8.640 sec.
@I [HLS-100] Command "cdfg_preprocess -model aStar "
@I [HLS-100] Command 'cdfg_preprocess' returned 0; elapsed 0.001937Total elapsed time: 8.642 sec.
@I [HLS-100] Command "rtl_gen_preprocess aStar "
@W [SYN-107] Renaming port name 'aStar/map' to 'aStar/map_r' to avoid the conflict with HDL keywords or other object names.
@I [HLS-100] Command 'rtl_gen_preprocess' returned 0; elapsed 0.000891Total elapsed time: 8.643 sec.
@I [HLS-0] Model list for synthesis: aStar_adjacentNodes aStar_calculateCost aStar
@I [HLS-10] ----------------------------------------------------------------
@0 [HLS-0] ----------------------------------------------------------------
@I [HLS-10] -- Scheduling module 'aStar_adjacentNodes' 
@0 [HLS-0] -- Scheduling module 'aStar_adjacentNodes' 
@I [HLS-10] ----------------------------------------------------------------
@0 [HLS-0] ----------------------------------------------------------------
@I [HLS-100] Command "set_default_model aStar_adjacentNodes "
@I [HLS-100] Command 'set_default_model' returned 0; elapsed 2.5e-05Total elapsed time: 8.644 sec.
@I [HLS-100] Command "schedule -model aStar_adjacentNodes "
@I [SCHED-11] Starting scheduling ...
@I [SCHED-11] Finished scheduling.
@I [HLS-100] Command 'schedule' returned 0; elapsed 0.070939Total elapsed time: 8.715 sec.
@I [HLS-111] Elapsed time: 0.082646 seconds; current memory usage: 86.6 MB.
@I [HLS-100] Command "report -o /home/jose/tfg.jose.jimenez/VivadoHLS/AStarStatic/AStarStaticHLS/solution1/.autopilot/db/aStar_adjacentNodes.verbose.sched.rpt -verbose -f "
@I [HLS-100] Command 'report' returned 0; elapsed 0.005157Total elapsed time: 8.720 sec.
@I [HLS-100] Command "db_write -o /home/jose/tfg.jose.jimenez/VivadoHLS/AStarStatic/AStarStaticHLS/solution1/.autopilot/db/aStar_adjacentNodes.sched.adb -f "
@I [HLS-100] Command 'db_write' returned 0; elapsed 0.010821Total elapsed time: 8.731 sec.
@I [HLS-0] Finish scheduling aStar_adjacentNodes.
@I [HLS-10] ----------------------------------------------------------------
@0 [HLS-0] ----------------------------------------------------------------
@I [HLS-10] -- Exploring micro-architecture for module 'aStar_adjacentNodes' 
@0 [HLS-0] -- Exploring micro-architecture for module 'aStar_adjacentNodes' 
@I [HLS-10] ----------------------------------------------------------------
@0 [HLS-0] ----------------------------------------------------------------
@I [HLS-100] Command "set_default_model aStar_adjacentNodes "
@I [HLS-100] Command 'set_default_model' returned 0; elapsed 2.5e-05Total elapsed time: 8.732 sec.
@I [HLS-100] Command "bind -model aStar_adjacentNodes "
@I [BIND-110] clear=
@I [BIND-110] debug=
@I [BIND-110] drf=
@I [BIND-110] effort=
@I [BIND-110] fast_refine=
@I [BIND-110] fu_weight=[ 0.0 -- 1.0 ]
@I [BIND-110] global_opt=
@I [BIND-110] gsearch=
@I [BIND-110] help=
@I [BIND-110] help-hidden=
@I [BIND-110] min_mem_port=
@I [BIND-110] min_op=
@I [BIND-110] minreg=
@I [BIND-110] ml=
@I [BIND-110] model=aStar_adjacentNodes
@I [BIND-110] no_false_path=
@I [BIND-110] no_min_op=
@I [BIND-110] normalize=
@I [BIND-110] quiet=
@I [BIND-110] refine=
@I [BIND-110] reg_weight=[ 0.0 -- 1.0 ]
@I [BIND-110] search=
@I [BIND-110] tight_delay=
@I [BIND-110] verbose=
@I [BIND-110] wFF=
@I [BIND-110] wFU=
@I [BIND-110] wMUX=
@I [BIND-110] wNET=
@I [BIND-100] Starting micro-architecture generation ...
@I [BIND-101] Performing variable lifetime analysis.
@I [BIND-101] Exploring resource sharing.
@I [BIND-101] Binding ...
@I [BIND-100] Finished micro-architecture generation.
@I [HLS-100] Command 'bind' returned 0; elapsed 0.017263Total elapsed time: 8.749 sec.
@I [HLS-111] Elapsed time: 0.034365 seconds; current memory usage: 86.9 MB.
@I [HLS-100] Command "report -o /home/jose/tfg.jose.jimenez/VivadoHLS/AStarStatic/AStarStaticHLS/solution1/.autopilot/db/aStar_adjacentNodes.verbose.bind.rpt -verbose -f "
@I [HLS-100] Command 'report' returned 0; elapsed 0.022467Total elapsed time: 8.772 sec.
@I [HLS-100] Command "db_write -o /home/jose/tfg.jose.jimenez/VivadoHLS/AStarStatic/AStarStaticHLS/solution1/.autopilot/db/aStar_adjacentNodes.bind.adb -f "
@I [HLS-100] Command 'db_write' returned 0; elapsed 0.012159Total elapsed time: 8.784 sec.
@I [HLS-0] Finish binding aStar_adjacentNodes.
@I [HLS-10] ----------------------------------------------------------------
@0 [HLS-0] ----------------------------------------------------------------
@I [HLS-10] -- Scheduling module 'aStar_calculateCost' 
@0 [HLS-0] -- Scheduling module 'aStar_calculateCost' 
@I [HLS-10] ----------------------------------------------------------------
@0 [HLS-0] ----------------------------------------------------------------
@I [HLS-100] Command "set_default_model aStar_calculateCost "
@I [HLS-100] Command 'set_default_model' returned 0; elapsed 1.7e-05Total elapsed time: 8.784 sec.
@I [HLS-100] Command "schedule -model aStar_calculateCost "
@I [SCHED-11] Starting scheduling ...
@I [SCHED-11] Finished scheduling.
@I [HLS-100] Command 'schedule' returned 0; elapsed 0.013214Total elapsed time: 8.798 sec.
@I [HLS-111] Elapsed time: 0.048492 seconds; current memory usage: 87.1 MB.
@I [HLS-100] Command "report -o /home/jose/tfg.jose.jimenez/VivadoHLS/AStarStatic/AStarStaticHLS/solution1/.autopilot/db/aStar_calculateCost.verbose.sched.rpt -verbose -f "
@I [HLS-100] Command 'report' returned 0; elapsed 0.001836Total elapsed time: 8.800 sec.
@I [HLS-100] Command "db_write -o /home/jose/tfg.jose.jimenez/VivadoHLS/AStarStatic/AStarStaticHLS/solution1/.autopilot/db/aStar_calculateCost.sched.adb -f "
@I [HLS-100] Command 'db_write' returned 0; elapsed 0.002824Total elapsed time: 8.803 sec.
@I [HLS-0] Finish scheduling aStar_calculateCost.
@I [HLS-10] ----------------------------------------------------------------
@0 [HLS-0] ----------------------------------------------------------------
@I [HLS-10] -- Exploring micro-architecture for module 'aStar_calculateCost' 
@0 [HLS-0] -- Exploring micro-architecture for module 'aStar_calculateCost' 
@I [HLS-10] ----------------------------------------------------------------
@0 [HLS-0] ----------------------------------------------------------------
@I [HLS-100] Command "set_default_model aStar_calculateCost "
@I [HLS-100] Command 'set_default_model' returned 0; elapsed 1.3e-05Total elapsed time: 8.803 sec.
@I [HLS-100] Command "bind -model aStar_calculateCost "
@I [BIND-110] clear=
@I [BIND-110] debug=
@I [BIND-110] drf=
@I [BIND-110] effort=
@I [BIND-110] fast_refine=
@I [BIND-110] fu_weight=[ 0.0 -- 1.0 ]
@I [BIND-110] global_opt=
@I [BIND-110] gsearch=
@I [BIND-110] help=
@I [BIND-110] help-hidden=
@I [BIND-110] min_mem_port=
@I [BIND-110] min_op=
@I [BIND-110] minreg=
@I [BIND-110] ml=
@I [BIND-110] model=aStar_calculateCost
@I [BIND-110] no_false_path=
@I [BIND-110] no_min_op=
@I [BIND-110] normalize=
@I [BIND-110] quiet=
@I [BIND-110] refine=
@I [BIND-110] reg_weight=[ 0.0 -- 1.0 ]
@I [BIND-110] search=
@I [BIND-110] tight_delay=
@I [BIND-110] verbose=
@I [BIND-110] wFF=
@I [BIND-110] wFU=
@I [BIND-110] wMUX=
@I [BIND-110] wNET=
@I [BIND-100] Starting micro-architecture generation ...
@I [BIND-101] Performing variable lifetime analysis.
@I [BIND-101] Exploring resource sharing.
@I [BIND-101] Binding ...
@I [BIND-100] Finished micro-architecture generation.
@I [HLS-100] Command 'bind' returned 0; elapsed 0.004113Total elapsed time: 8.807 sec.
@I [HLS-111] Elapsed time: 0.009452 seconds; current memory usage: 87.1 MB.
@I [HLS-100] Command "report -o /home/jose/tfg.jose.jimenez/VivadoHLS/AStarStatic/AStarStaticHLS/solution1/.autopilot/db/aStar_calculateCost.verbose.bind.rpt -verbose -f "
@I [HLS-100] Command 'report' returned 0; elapsed 0.007342Total elapsed time: 8.815 sec.
@I [HLS-100] Command "db_write -o /home/jose/tfg.jose.jimenez/VivadoHLS/AStarStatic/AStarStaticHLS/solution1/.autopilot/db/aStar_calculateCost.bind.adb -f "
@I [HLS-100] Command 'db_write' returned 0; elapsed 0.00346Total elapsed time: 8.818 sec.
@I [HLS-0] Finish binding aStar_calculateCost.
@I [HLS-10] ----------------------------------------------------------------
@0 [HLS-0] ----------------------------------------------------------------
@I [HLS-10] -- Scheduling module 'aStar' 
@0 [HLS-0] -- Scheduling module 'aStar' 
@I [HLS-10] ----------------------------------------------------------------
@0 [HLS-0] ----------------------------------------------------------------
@I [HLS-100] Command "set_default_model aStar "
@I [HLS-100] Command 'set_default_model' returned 0; elapsed 5.1e-05Total elapsed time: 8.819 sec.
@I [HLS-100] Command "schedule -model aStar "
@I [SCHED-11] Starting scheduling ...
@I [SCHED-11] Finished scheduling.
@I [HLS-100] Command 'schedule' returned 0; elapsed 0.112748Total elapsed time: 8.931 sec.
@I [HLS-111] Elapsed time: 0.124289 seconds; current memory usage: 88 MB.
@I [HLS-100] Command "report -o /home/jose/tfg.jose.jimenez/VivadoHLS/AStarStatic/AStarStaticHLS/solution1/.autopilot/db/aStar.verbose.sched.rpt -verbose -f "
@I [HLS-100] Command 'report' returned 0; elapsed 0.01512Total elapsed time: 8.947 sec.
@I [HLS-100] Command "db_write -o /home/jose/tfg.jose.jimenez/VivadoHLS/AStarStatic/AStarStaticHLS/solution1/.autopilot/db/aStar.sched.adb -f "
@I [HLS-100] Command 'db_write' returned 0; elapsed 0.028747Total elapsed time: 8.976 sec.
@I [HLS-0] Finish scheduling aStar.
@I [HLS-10] ----------------------------------------------------------------
@0 [HLS-0] ----------------------------------------------------------------
@I [HLS-10] -- Exploring micro-architecture for module 'aStar' 
@0 [HLS-0] -- Exploring micro-architecture for module 'aStar' 
@I [HLS-10] ----------------------------------------------------------------
@0 [HLS-0] ----------------------------------------------------------------
@I [HLS-100] Command "set_default_model aStar "
@I [HLS-100] Command 'set_default_model' returned 0; elapsed 7.9e-05Total elapsed time: 8.976 sec.
@I [HLS-100] Command "bind -model aStar "
@I [BIND-110] clear=
@I [BIND-110] debug=
@I [BIND-110] drf=
@I [BIND-110] effort=
@I [BIND-110] fast_refine=
@I [BIND-110] fu_weight=[ 0.0 -- 1.0 ]
@I [BIND-110] global_opt=
@I [BIND-110] gsearch=
@I [BIND-110] help=
@I [BIND-110] help-hidden=
@I [BIND-110] min_mem_port=
@I [BIND-110] min_op=
@I [BIND-110] minreg=
@I [BIND-110] ml=
@I [BIND-110] model=aStar
@I [BIND-110] no_false_path=
@I [BIND-110] no_min_op=
@I [BIND-110] normalize=
@I [BIND-110] quiet=
@I [BIND-110] refine=
@I [BIND-110] reg_weight=[ 0.0 -- 1.0 ]
@I [BIND-110] search=
@I [BIND-110] tight_delay=
@I [BIND-110] verbose=
@I [BIND-110] wFF=
@I [BIND-110] wFU=
@I [BIND-110] wMUX=
@I [BIND-110] wNET=
@I [BIND-100] Starting micro-architecture generation ...
@I [BIND-101] Performing variable lifetime analysis.
@I [BIND-101] Exploring resource sharing.
@I [BIND-101] Binding ...
@I [BIND-100] Finished micro-architecture generation.
@I [HLS-100] Command 'bind' returned 0; elapsed 0.077498Total elapsed time: 9.54 sec.
@I [HLS-111] Elapsed time: 0.122409 seconds; current memory usage: 88.9 MB.
@I [HLS-100] Command "report -o /home/jose/tfg.jose.jimenez/VivadoHLS/AStarStatic/AStarStaticHLS/solution1/.autopilot/db/aStar.verbose.bind.rpt -verbose -f "
@I [HLS-100] Command 'report' returned 0; elapsed 0.109449Total elapsed time: 9.164 sec.
@I [HLS-100] Command "db_write -o /home/jose/tfg.jose.jimenez/VivadoHLS/AStarStatic/AStarStaticHLS/solution1/.autopilot/db/aStar.bind.adb -f "
@I [HLS-100] Command 'db_write' returned 0; elapsed 0.034837Total elapsed time: 9.199 sec.
@I [HLS-0] Finish binding aStar.
@I [HLS-100] Command "get_model_list aStar -filter all-wo-channel "
@I [HLS-100] Command 'get_model_list' returned 0; elapsed 0.000101Total elapsed time: 9.199 sec.
@I [HLS-0] Preprocessing for RTLGen ...
@I [HLS-100] Command "rtl_gen_preprocess aStar_adjacentNodes "
@I [HLS-100] Command 'rtl_gen_preprocess' returned 0; elapsed 0.000795Total elapsed time: 9.200 sec.
@I [HLS-100] Command "rtl_gen_preprocess aStar_calculateCost "
@I [HLS-100] Command 'rtl_gen_preprocess' returned 0; elapsed 0.000694Total elapsed time: 9.201 sec.
@I [HLS-100] Command "rtl_gen_preprocess aStar "
@I [HLS-100] Command 'rtl_gen_preprocess' returned 0; elapsed 0.000809Total elapsed time: 9.201 sec.
@I [HLS-0] Model list for RTL generation: aStar_adjacentNodes aStar_calculateCost aStar
@I [HLS-10] ----------------------------------------------------------------
@0 [HLS-0] ----------------------------------------------------------------
@I [HLS-10] -- Generating RTL for module 'aStar_adjacentNodes' 
@0 [HLS-0] -- Generating RTL for module 'aStar_adjacentNodes' 
@I [HLS-10] ----------------------------------------------------------------
@0 [HLS-0] ----------------------------------------------------------------
@I [HLS-100] Command "create_rtl_model aStar_adjacentNodes -vendor xilinx -mg_file /home/jose/tfg.jose.jimenez/VivadoHLS/AStarStatic/AStarStaticHLS/solution1/.autopilot/db/aStar_adjacentNodes.compgen.tcl "
@I [RTGEN-100] Finished creating RTL model for 'aStar_adjacentNodes'.
@I [HLS-100] Command 'create_rtl_model' returned 0; elapsed 0.068336Total elapsed time: 9.271 sec.
@I [HLS-111] Elapsed time: 0.217093 seconds; current memory usage: 89.5 MB.
@I [HLS-100] Command "source /home/jose/tfg.jose.jimenez/VivadoHLS/AStarStatic/AStarStaticHLS/solution1/.autopilot/db/aStar.rtl_wrap.cfg.tcl "
@I [HLS-100] Command 'ap_source' returned 0; elapsed 0.000433Total elapsed time: 9.272 sec.
@I [HLS-100] Command "gen_rtl aStar_adjacentNodes -style xilinx -tracefl mytrace -tracefmt vcd -traceopt all -f -lang sc -o /home/jose/tfg.jose.jimenez/VivadoHLS/AStarStatic/AStarStaticHLS/solution1/syn/systemc/aStar_adjacentNodes -synmodules aStar_adjacentNodes aStar_calculateCost aStar "
@I [HLS-100] Command 'gen_rtl' returned 0; elapsed 0.004592Total elapsed time: 9.278 sec.
@I [HLS-100] Command "gen_rtl aStar_adjacentNodes -style xilinx -f -lang vhdl -o /home/jose/tfg.jose.jimenez/VivadoHLS/AStarStatic/AStarStaticHLS/solution1/syn/vhdl/aStar_adjacentNodes "
@I [HLS-100] Command 'gen_rtl' returned 0; elapsed 0.003169Total elapsed time: 9.281 sec.
@I [HLS-100] Command "gen_rtl aStar_adjacentNodes -style xilinx -f -lang vlog -o /home/jose/tfg.jose.jimenez/VivadoHLS/AStarStatic/AStarStaticHLS/solution1/syn/verilog/aStar_adjacentNodes "
@I [HLS-100] Command 'gen_rtl' returned 0; elapsed 0.003785Total elapsed time: 9.285 sec.
@I [HLS-100] Command "gen_tb_info aStar_adjacentNodes -o /home/jose/tfg.jose.jimenez/VivadoHLS/AStarStatic/AStarStaticHLS/solution1/.autopilot/db/aStar_adjacentNodes -p /home/jose/tfg.jose.jimenez/VivadoHLS/AStarStatic/AStarStaticHLS/solution1/.autopilot/db "
@I [HLS-100] Command 'gen_tb_info' returned 0; elapsed 0.006798Total elapsed time: 9.292 sec.
@I [HLS-100] Command "report -model aStar_adjacentNodes -o /home/jose/tfg.jose.jimenez/VivadoHLS/AStarStatic/AStarStaticHLS/solution1/syn/report/aStar_adjacentNodes_csynth.rpt -f "
@I [HLS-100] Command 'report' returned 0; elapsed 0.009977Total elapsed time: 9.302 sec.
@I [HLS-100] Command "report -model aStar_adjacentNodes -o /home/jose/tfg.jose.jimenez/VivadoHLS/AStarStatic/AStarStaticHLS/solution1/syn/report/aStar_adjacentNodes_csynth.xml -f -x "
@I [HLS-100] Command 'report' returned 0; elapsed 0.00738Total elapsed time: 9.309 sec.
@I [HLS-100] Command "report -model aStar_adjacentNodes -o /home/jose/tfg.jose.jimenez/VivadoHLS/AStarStatic/AStarStaticHLS/solution1/.autopilot/db/aStar_adjacentNodes.verbose.rpt -verbose -f "
@I [HLS-100] Command 'report' returned 0; elapsed 0.032991Total elapsed time: 9.343 sec.
@I [HLS-100] Command "db_write -model aStar_adjacentNodes -o /home/jose/tfg.jose.jimenez/VivadoHLS/AStarStatic/AStarStaticHLS/solution1/.autopilot/db/aStar_adjacentNodes.adb -f "
@I [HLS-100] Command 'db_write' returned 0; elapsed 0.019659Total elapsed time: 9.362 sec.
@I [HLS-10] ----------------------------------------------------------------
@0 [HLS-0] ----------------------------------------------------------------
@I [HLS-10] -- Generating RTL for module 'aStar_calculateCost' 
@0 [HLS-0] -- Generating RTL for module 'aStar_calculateCost' 
@I [HLS-10] ----------------------------------------------------------------
@0 [HLS-0] ----------------------------------------------------------------
@I [HLS-100] Command "create_rtl_model aStar_calculateCost -vendor xilinx -mg_file /home/jose/tfg.jose.jimenez/VivadoHLS/AStarStatic/AStarStaticHLS/solution1/.autopilot/db/aStar_calculateCost.compgen.tcl "
@I [RTGEN-100] Finished creating RTL model for 'aStar_calculateCost'.
@I [HLS-100] Command 'create_rtl_model' returned 0; elapsed 0.009979Total elapsed time: 9.402 sec.
@I [HLS-111] Elapsed time: 0.130971 seconds; current memory usage: 91 MB.
@I [HLS-100] Command "source /home/jose/tfg.jose.jimenez/VivadoHLS/AStarStatic/AStarStaticHLS/solution1/.autopilot/db/aStar.rtl_wrap.cfg.tcl "
@I [HLS-100] Command 'ap_source' returned 0; elapsed 0.000371Total elapsed time: 9.403 sec.
@I [HLS-100] Command "gen_rtl aStar_calculateCost -style xilinx -tracefl mytrace -tracefmt vcd -traceopt all -f -lang sc -o /home/jose/tfg.jose.jimenez/VivadoHLS/AStarStatic/AStarStaticHLS/solution1/syn/systemc/aStar_calculateCost -synmodules aStar_adjacentNodes aStar_calculateCost aStar "
@I [HLS-100] Command 'gen_rtl' returned 0; elapsed 0.001078Total elapsed time: 9.404 sec.
@I [HLS-100] Command "gen_rtl aStar_calculateCost -style xilinx -f -lang vhdl -o /home/jose/tfg.jose.jimenez/VivadoHLS/AStarStatic/AStarStaticHLS/solution1/syn/vhdl/aStar_calculateCost "
@I [HLS-100] Command 'gen_rtl' returned 0; elapsed 0.000838Total elapsed time: 9.405 sec.
@I [HLS-100] Command "gen_rtl aStar_calculateCost -style xilinx -f -lang vlog -o /home/jose/tfg.jose.jimenez/VivadoHLS/AStarStatic/AStarStaticHLS/solution1/syn/verilog/aStar_calculateCost "
@I [HLS-100] Command 'gen_rtl' returned 0; elapsed 0.000938Total elapsed time: 9.406 sec.
@I [HLS-100] Command "gen_tb_info aStar_calculateCost -o /home/jose/tfg.jose.jimenez/VivadoHLS/AStarStatic/AStarStaticHLS/solution1/.autopilot/db/aStar_calculateCost -p /home/jose/tfg.jose.jimenez/VivadoHLS/AStarStatic/AStarStaticHLS/solution1/.autopilot/db "
@I [HLS-100] Command 'gen_tb_info' returned 0; elapsed 0.00228Total elapsed time: 9.409 sec.
@I [HLS-100] Command "report -model aStar_calculateCost -o /home/jose/tfg.jose.jimenez/VivadoHLS/AStarStatic/AStarStaticHLS/solution1/syn/report/aStar_calculateCost_csynth.rpt -f "
@I [HLS-100] Command 'report' returned 0; elapsed 0.004308Total elapsed time: 9.413 sec.
@I [HLS-100] Command "report -model aStar_calculateCost -o /home/jose/tfg.jose.jimenez/VivadoHLS/AStarStatic/AStarStaticHLS/solution1/syn/report/aStar_calculateCost_csynth.xml -f -x "
@I [HLS-100] Command 'report' returned 0; elapsed 0.002486Total elapsed time: 9.416 sec.
@I [HLS-100] Command "report -model aStar_calculateCost -o /home/jose/tfg.jose.jimenez/VivadoHLS/AStarStatic/AStarStaticHLS/solution1/.autopilot/db/aStar_calculateCost.verbose.rpt -verbose -f "
@I [HLS-100] Command 'report' returned 0; elapsed 0.011683Total elapsed time: 9.428 sec.
@I [HLS-100] Command "db_write -model aStar_calculateCost -o /home/jose/tfg.jose.jimenez/VivadoHLS/AStarStatic/AStarStaticHLS/solution1/.autopilot/db/aStar_calculateCost.adb -f "
@I [HLS-100] Command 'db_write' returned 0; elapsed 0.005863Total elapsed time: 9.433 sec.
@I [HLS-10] ----------------------------------------------------------------
@0 [HLS-0] ----------------------------------------------------------------
@I [HLS-10] -- Generating RTL for module 'aStar' 
@0 [HLS-0] -- Generating RTL for module 'aStar' 
@I [HLS-10] ----------------------------------------------------------------
@0 [HLS-0] ----------------------------------------------------------------
@I [HLS-100] Command "create_rtl_model aStar -vendor xilinx -mg_file /home/jose/tfg.jose.jimenez/VivadoHLS/AStarStatic/AStarStaticHLS/solution1/.autopilot/db/aStar.compgen.tcl "
@I [RTGEN-500] Setting interface mode on port 'aStar/xStart' to 'ap_none'.
@I [RTGEN-500] Setting interface mode on port 'aStar/yStart' to 'ap_none'.
@I [RTGEN-500] Setting interface mode on port 'aStar/xFinish' to 'ap_none'.
@I [RTGEN-500] Setting interface mode on port 'aStar/yFinish' to 'ap_none'.
@I [RTGEN-500] Setting interface mode on port 'aStar/map_r' to 'ap_memory'.
@I [RTGEN-500] Setting interface mode on function 'aStar' to 'ap_ctrl_hs'.
@I [RTGEN-100] Finished creating RTL model for 'aStar'.
@I [HLS-100] Command 'create_rtl_model' returned 0; elapsed 0.123741Total elapsed time: 9.570 sec.
@I [HLS-111] Elapsed time: 0.163372 seconds; current memory usage: 92.9 MB.
@I [HLS-100] Command "source /home/jose/tfg.jose.jimenez/VivadoHLS/AStarStatic/AStarStaticHLS/solution1/.autopilot/db/aStar.rtl_wrap.cfg.tcl "
@I [HLS-100] Command 'ap_source' returned 0; elapsed 0.000372Total elapsed time: 9.570 sec.
@I [HLS-100] Command "gen_rtl aStar -istop -style xilinx -tracefl mytrace -tracefmt vcd -traceopt all -f -lang sc -o /home/jose/tfg.jose.jimenez/VivadoHLS/AStarStatic/AStarStaticHLS/solution1/syn/systemc/aStar -synmodules aStar_adjacentNodes aStar_calculateCost aStar "
@I [HLS-100] Command 'gen_rtl' returned 0; elapsed 0.007759Total elapsed time: 9.579 sec.
@I [HLS-100] Command "gen_rtl aStar -istop -style xilinx -f -lang vhdl -o /home/jose/tfg.jose.jimenez/VivadoHLS/AStarStatic/AStarStaticHLS/solution1/syn/vhdl/aStar "
@I [HLS-100] Command 'gen_rtl' returned 0; elapsed 0.06303Total elapsed time: 9.642 sec.
@I [HLS-100] Command "gen_rtl aStar -istop -style xilinx -f -lang vlog -o /home/jose/tfg.jose.jimenez/VivadoHLS/AStarStatic/AStarStaticHLS/solution1/syn/verilog/aStar "
@I [HLS-100] Command 'gen_rtl' returned 0; elapsed 0.035395Total elapsed time: 9.677 sec.
@I [HLS-100] Command "export_constraint_db -o /home/jose/tfg.jose.jimenez/VivadoHLS/AStarStatic/AStarStaticHLS/solution1/.autopilot/db/aStar.constraint.tcl -f -tool general "
@I [HLS-100] Command 'export_constraint_db' returned 0; elapsed 0.000114Total elapsed time: 9.677 sec.
@I [HLS-100] Command "report -model aStar -o /home/jose/tfg.jose.jimenez/VivadoHLS/AStarStatic/AStarStaticHLS/solution1/.autopilot/db/aStar.design.xml -verbose -f -dv "
@I [HLS-100] Command 'report' returned 0; elapsed 0.074794Total elapsed time: 9.752 sec.
@I [HLS-100] Command "report -model aStar -o /home/jose/tfg.jose.jimenez/VivadoHLS/AStarStatic/AStarStaticHLS/solution1/.autopilot/db/aStar.sdaccel.xml -verbose -f -sdaccel "
@I [HLS-100] Command 'report' returned 0; elapsed 0.088146Total elapsed time: 9.841 sec.
@I [HLS-100] Command "gen_tb_info aStar -o /home/jose/tfg.jose.jimenez/VivadoHLS/AStarStatic/AStarStaticHLS/solution1/.autopilot/db/aStar -p /home/jose/tfg.jose.jimenez/VivadoHLS/AStarStatic/AStarStaticHLS/solution1/.autopilot/db "
@I [HLS-100] Command 'gen_tb_info' returned 0; elapsed 0.000544Total elapsed time: 9.841 sec.
@I [HLS-100] Command "report -model aStar -o /home/jose/tfg.jose.jimenez/VivadoHLS/AStarStatic/AStarStaticHLS/solution1/syn/report/aStar_csynth.rpt -f "
@I [HLS-100] Command 'report' returned 0; elapsed 0.0372Total elapsed time: 9.879 sec.
@I [HLS-100] Command "report -model aStar -o /home/jose/tfg.jose.jimenez/VivadoHLS/AStarStatic/AStarStaticHLS/solution1/syn/report/aStar_csynth.xml -f -x "
@I [HLS-100] Command 'report' returned 0; elapsed 0.028895Total elapsed time: 9.908 sec.
@I [HLS-100] Command "report -model aStar -o /home/jose/tfg.jose.jimenez/VivadoHLS/AStarStatic/AStarStaticHLS/solution1/.autopilot/db/aStar.verbose.rpt -verbose -f "
@I [HLS-100] Command 'report' returned 0; elapsed 0.141614Total elapsed time: 10.49 sec.
@I [HLS-100] Command "db_write -model aStar -o /home/jose/tfg.jose.jimenez/VivadoHLS/AStarStatic/AStarStaticHLS/solution1/.autopilot/db/aStar.adb -f "
@I [HLS-100] Command 'db_write' returned 0; elapsed 0.065992Total elapsed time: 10.115 sec.
@I [HLS-100] Command "sc_get_clocks aStar "
@I [HLS-100] Command 'sc_get_clocks' returned 0; elapsed 7e-06Total elapsed time: 10.195 sec.
@I [HLS-100] Command "sc_get_portdomain aStar "
@I [HLS-100] Command 'sc_get_portdomain' returned 0; elapsed 4e-06Total elapsed time: 10.195 sec.
@I [HLS-0] Model list for RTL component generation: aStar_adjacentNodes aStar_calculateCost aStar
@I [HLS-0] Handling components in module [aStar_adjacentNodes] ... 
@I [HLS-100] Command "source /home/jose/tfg.jose.jimenez/VivadoHLS/AStarStatic/AStarStaticHLS/solution1/.autopilot/db/aStar_adjacentNodes.compgen.tcl "
@I [HLS-100] Command 'ap_source' returned 0; elapsed 0.000237Total elapsed time: 10.197 sec.
@I [HLS-0] Handling components in module [aStar_calculateCost] ... 
@I [HLS-100] Command "source /home/jose/tfg.jose.jimenez/VivadoHLS/AStarStatic/AStarStaticHLS/solution1/.autopilot/db/aStar_calculateCost.compgen.tcl "
@I [HLS-100] Command 'ap_source' returned 0; elapsed 0.00017Total elapsed time: 10.197 sec.
@I [HLS-0] Handling components in module [aStar] ... 
@I [HLS-100] Command "source /home/jose/tfg.jose.jimenez/VivadoHLS/AStarStatic/AStarStaticHLS/solution1/.autopilot/db/aStar.compgen.tcl "
@I [HLS-0] Found component aStar_openNodes.
@I [HLS-0] Append model aStar_openNodes
@I [HLS-0] Found component aStar_node_coordinates_0.
@I [HLS-0] Append model aStar_node_coordinates_0
@I [HLS-0] Found component aStar_node_coordinates_1.
@I [HLS-0] Append model aStar_node_coordinates_1
@I [HLS-0] Found component aStar_node_heuristic.
@I [HLS-0] Append model aStar_node_heuristic
@I [HLS-0] Found component aStar_adjacentPosition_2.
@I [HLS-0] Append model aStar_adjacentPosition_2
@I [HLS-100] Command 'ap_source' returned 0; elapsed 0.00099Total elapsed time: 10.198 sec.
@I [HLS-0] Append model aStar_adjacentNodes
@I [HLS-0] Append model aStar_calculateCost
@I [HLS-0] Append model aStar
@I [HLS-0] Generating RTL model list ...
@I [HLS-0] All models in this session: aStar_openNodes aStar_node_coordinates_0 aStar_node_coordinates_1 aStar_node_heuristic aStar_adjacentPosition_2 aStar_adjacentNodes aStar_calculateCost aStar
@I [HLS-0] To file: write model aStar_openNodes
@I [HLS-0] To file: write model aStar_node_coordinates_0
@I [HLS-0] To file: write model aStar_node_coordinates_1
@I [HLS-0] To file: write model aStar_node_heuristic
@I [HLS-0] To file: write model aStar_adjacentPosition_2
@I [HLS-0] To file: write model aStar_adjacentNodes
@I [HLS-0] To file: write model aStar_calculateCost
@I [HLS-0] To file: write model aStar
@I [HLS-0] Finished generating RTL model list.


@I [HLS-0] RTL Generation done.
@I [HLS-0] CAS Generation done.
@I [HLS-0] CBC Generation done.
@I [HLS-100] Command "export_ssdm /home/jose/tfg.jose.jimenez/VivadoHLS/AStarStatic/AStarStaticHLS/solution1/.autopilot/db/a.export.ll "
@I [HLS-100] Command 'export_ssdm' returned 0; elapsed 0.000711Total elapsed time: 10.200 sec.
@I [HLS-100] Command "source /home/jose/tfg.jose.jimenez/VivadoHLS/AStarStatic/AStarStaticHLS/solution1/.autopilot/db/global.setting.tcl "
@I [HLS-100] Command 'ap_source' returned 0; elapsed 0.000215Total elapsed time: 10.203 sec.
@I [HLS-100] Command "source /home/jose/tfg/Vivado_HLS/2015.4/common/technology/generic/autopilot/common.gen "
@I [HLS-100] Command "source /home/jose/tfg/Vivado_HLS/2015.4/common/technology/generic/autopilot/APCoreGen.gen "
@I [HLS-100] Command 'ap_source' returned 0; elapsed 0.000657Total elapsed time: 10.204 sec.
@I [HLS-100] Command 'ap_source' returned 0; elapsed 0.001283Total elapsed time: 10.205 sec.
@I [HLS-100] Command "source /home/jose/tfg/Vivado_HLS/2015.4/common/technology/generic/autopilot/op.gen "
@I [HLS-100] Command 'ap_source' returned 0; elapsed 0.000347Total elapsed time: 10.205 sec.
@I [HLS-100] Command "source /home/jose/tfg/Vivado_HLS/2015.4/common/technology/generic/autopilot/op_simcore.gen "
@I [HLS-100] Command 'ap_source' returned 0; elapsed 0.001044Total elapsed time: 10.206 sec.
@I [HLS-100] Command "source /home/jose/tfg/Vivado_HLS/2015.4/common/technology/generic/autopilot/interface.gen "
@I [HLS-100] Command 'ap_source' returned 0; elapsed 9.3e-05Total elapsed time: 10.207 sec.
@I [HLS-100] Command "source /home/jose/tfg.jose.jimenez/VivadoHLS/AStarStatic/AStarStaticHLS/solution1/.autopilot/db/global.setting.tcl "
@I [HLS-100] Command 'ap_source' returned 0; elapsed 0.000179Total elapsed time: 10.207 sec.
@I [HLS-100] Command "source /home/jose/tfg/Vivado_HLS/2015.4/common/technology/xilinx/zynq/zynq.gen "
@I [HLS-100] Command "source /home/jose/tfg/Vivado_HLS/2015.4/common/technology/xilinx/common/virtex.gen "
@I [HLS-100] Command "source /home/jose/tfg/Vivado_HLS/2015.4/common/technology/xilinx/common/xilinx.gen "
@I [HLS-100] Command "source /home/jose/tfg/Vivado_HLS/2015.4/common/technology/xilinx/interface/plb46.gen "
@I [HLS-100] Command 'ap_source' returned 0; elapsed 0.001498Total elapsed time: 10.209 sec.
@I [HLS-100] Command "source /home/jose/tfg/Vivado_HLS/2015.4/common/technology/xilinx/interface/fsl.gen "
@I [HLS-100] Command 'ap_source' returned 0; elapsed 0.000532Total elapsed time: 10.210 sec.
@I [HLS-100] Command "source /home/jose/tfg/Vivado_HLS/2015.4/common/technology/xilinx/interface/axi4.gen "
@I [HLS-100] Command 'ap_source' returned 0; elapsed 0.002497Total elapsed time: 10.212 sec.
@I [HLS-100] Command "source /home/jose/tfg/Vivado_HLS/2015.4/common/technology/xilinx/interface/nativeAXI4.gen "
@I [HLS-100] Command "source /home/jose/tfg/Vivado_HLS/2015.4/common/technology/xilinx/interface/saxilite.gen "
@I [HLS-100] Command 'ap_source' returned 0; elapsed 0.004484Total elapsed time: 10.217 sec.
@I [HLS-100] Command "source /home/jose/tfg/Vivado_HLS/2015.4/common/technology/xilinx/interface/maxi.gen "
@I [HLS-100] Command 'ap_source' returned 0; elapsed 0.009216Total elapsed time: 10.226 sec.
@I [HLS-100] Command 'ap_source' returned 0; elapsed 0.013921Total elapsed time: 10.226 sec.
@I [HLS-100] Command "source /home/jose/tfg/Vivado_HLS/2015.4/common/technology/xilinx/scripts/xilinxcoregen.gen "
@I [HLS-100] Command 'ap_source' returned 0; elapsed 0.010969Total elapsed time: 10.237 sec.
@I [HLS-100] Command "source /home/jose/tfg/Vivado_HLS/2015.4/common/technology/xilinx/interface/XilEDKCoreGen.gen "
@I [HLS-100] Command 'ap_source' returned 0; elapsed 0.010325Total elapsed time: 10.248 sec.
@I [HLS-100] Command "source /home/jose/tfg/Vivado_HLS/2015.4/common/technology/xilinx/ip/dds_compiler.gen "
@I [HLS-100] Command 'ap_source' returned 0; elapsed 0.004375Total elapsed time: 10.252 sec.
@I [HLS-100] Command "source /home/jose/tfg/Vivado_HLS/2015.4/common/technology/xilinx/ip/util.gen "
@I [HLS-100] Command 'ap_source' returned 0; elapsed 0.00018Total elapsed time: 10.252 sec.
@I [HLS-100] Command "source /home/jose/tfg/Vivado_HLS/2015.4/common/technology/xilinx/ip/xfft.gen "
@I [HLS-100] Command 'ap_source' returned 0; elapsed 0.130251Total elapsed time: 10.383 sec.
@I [HLS-100] Command "source /home/jose/tfg/Vivado_HLS/2015.4/common/technology/xilinx/ip/xfir.gen "
@I [HLS-100] Command 'ap_source' returned 0; elapsed 0.03955Total elapsed time: 10.422 sec.
@I [HLS-100] Command 'ap_source' returned 0; elapsed 0.215057Total elapsed time: 10.422 sec.
@I [HLS-100] Command "source /home/jose/tfg/Vivado_HLS/2015.4/common/technology/xilinx/common/dsp48.gen "
@I [HLS-100] Command 'ap_source' returned 0; elapsed 0.000217Total elapsed time: 10.424 sec.
@I [HLS-100] Command 'ap_source' returned 0; elapsed 0.217474Total elapsed time: 10.425 sec.
@I [HLS-100] Command 'ap_source' returned 0; elapsed 0.217611Total elapsed time: 10.425 sec.
@I [HLS-100] Command "source /home/jose/tfg/Vivado_HLS/2015.4/common/technology/xilinx/zynq/zynq_fpv6.gen "
@I [HLS-100] Command "source /home/jose/tfg/Vivado_HLS/2015.4/common/technology/xilinx/common/xilinx_fpv6.gen "
@I [HLS-100] Command 'ap_source' returned 0; elapsed 0.001929Total elapsed time: 10.427 sec.
@I [HLS-100] Command 'ap_source' returned 0; elapsed 0.00207Total elapsed time: 10.427 sec.
@I [HLS-100] Command "source /home/jose/tfg.jose.jimenez/VivadoHLS/AStarStatic/AStarStaticHLS/solution1/.autopilot/db/global.setting.tcl "
@I [HLS-100] Command 'ap_source' returned 0; elapsed 0.0002Total elapsed time: 10.428 sec.
@I [HLS-100] Command "source /home/jose/tfg.jose.jimenez/VivadoHLS/AStarStatic/AStarStaticHLS/solution1/.autopilot/db/global.setting.tcl "
@I [HLS-100] Command 'ap_source' returned 0; elapsed 0.00018Total elapsed time: 10.428 sec.
@I [HLS-100] Command "source /home/jose/tfg.jose.jimenez/VivadoHLS/AStarStatic/AStarStaticHLS/solution1/.autopilot/db/global.setting.tcl "
@I [HLS-100] Command 'ap_source' returned 0; elapsed 0.000172Total elapsed time: 10.429 sec.
@I [HLS-100] Command "source /home/jose/tfg.jose.jimenez/VivadoHLS/AStarStatic/AStarStaticHLS/solution1/.autopilot/db/global.setting.tcl "
@I [HLS-100] Command 'ap_source' returned 0; elapsed 0.000174Total elapsed time: 10.429 sec.
@I [HLS-100] Command "source /home/jose/tfg.jose.jimenez/VivadoHLS/AStarStatic/AStarStaticHLS/solution1/.autopilot/db/aStar_adjacentNodes.compgen.tcl "
@I [HLS-100] Command 'ap_source' returned 0; elapsed 0.000199Total elapsed time: 10.430 sec.
@I [HLS-100] Command "source /home/jose/tfg.jose.jimenez/VivadoHLS/AStarStatic/AStarStaticHLS/solution1/.autopilot/db/aStar_calculateCost.compgen.tcl "
@I [HLS-100] Command 'ap_source' returned 0; elapsed 0.000168Total elapsed time: 10.430 sec.
@I [HLS-100] Command "source /home/jose/tfg.jose.jimenez/VivadoHLS/AStarStatic/AStarStaticHLS/solution1/.autopilot/db/aStar.compgen.tcl "
@I [RTMG-278] Implementing memory 'aStar_openNodes_ram' using block RAMs with power-on initialization.
@I [RTMG-278] Implementing memory 'aStar_node_coordinates_0_ram' using block RAMs with power-on initialization.
@I [RTMG-278] Implementing memory 'aStar_node_coordinates_1_ram' using block RAMs with power-on initialization.
@I [RTMG-278] Implementing memory 'aStar_node_heuristic_ram' using block RAMs with power-on initialization.
@I [RTMG-278] Implementing memory 'aStar_adjacentPosition_2_ram' using block RAMs with power-on initialization.
@I [HLS-100] Command 'ap_source' returned 0; elapsed 0.064664Total elapsed time: 10.495 sec.
@I [HLS-10] Finished generating all RTL models.
@0 [HLS-0] Finished generating all RTL models.
@I [WSYSC-301] Generating RTL SystemC for 'aStar'.
@I [WVHDL-304] Generating RTL VHDL for 'aStar'.
@I [WVLOG-307] Generating RTL Verilog for 'aStar'.
@I [HLS-100] Command 'autosyn' returned 0; elapsed 1.86649Total elapsed time: 10.503 sec.
@I [HLS-100] Command 'csynth_design' returned 0; elapsed 6.17267Total elapsed time: 10.503 sec.
@I [HLS-100] Command 'ap_source' returned 0; elapsed 6.48644Total elapsed time: 10.503 sec.
@I [HLS-100] Command "cleanup_all "
@I [HLS-100] Command 'cleanup_all' returned 0; elapsed 0.013826Total elapsed time: 10.517 sec.
