

================================================================
== Vivado HLS Report for 'aStar_calculateCost'
================================================================
* Date:           Fri Jun 30 11:23:20 2017

* Version:        2015.4 (Build 1412921 on Wed Nov 18 09:58:55 AM 2015)
* Project:        AStarStaticHLS
* Solution:       solution1
* Product family: zynq
* Target device:  xc7z020clg484-1


================================================================
== Performance Estimates
================================================================
+ Timing (ns): 
    * Summary: 
    +--------+-------+----------+------------+
    |  Clock | Target| Estimated| Uncertainty|
    +--------+-------+----------+------------+
    |ap_clk  |  10.00|      7.86|        1.25|
    +--------+-------+----------+------------+

+ Latency (clock cycles): 
    * Summary: 
    +-----+-----+-----+-----+---------+
    |  Latency  |  Interval | Pipeline|
    | min | max | min | max |   Type  |
    +-----+-----+-----+-----+---------+
    |    3|    4|    3|    4|   none  |
    +-----+-----+-----+-----+---------+

    + Detail: 
        * Instance: 
        N/A

        * Loop: 
        N/A



================================================================
== Utilization Estimates
================================================================
* Summary: 
+-----------------+---------+-------+--------+-------+
|       Name      | BRAM_18K| DSP48E|   FF   |  LUT  |
+-----------------+---------+-------+--------+-------+
|DSP              |        -|      -|       -|      -|
|Expression       |        -|      -|       0|     46|
|FIFO             |        -|      -|       -|      -|
|Instance         |        -|      -|       -|      -|
|Memory           |        -|      -|       -|      -|
|Multiplexer      |        -|      -|       -|     45|
|Register         |        -|      -|     146|      -|
+-----------------+---------+-------+--------+-------+
|Total            |        0|      0|     146|     91|
+-----------------+---------+-------+--------+-------+
|Available        |      280|    220|  106400|  53200|
+-----------------+---------+-------+--------+-------+
|Utilization (%)  |        0|      0|   ~0   |   ~0  |
+-----------------+---------+-------+--------+-------+

+ Detail: 
    * Instance: 
    N/A

    * DSP48: 
    N/A

    * Memory: 
    N/A

    * FIFO: 
    N/A

    * Expression: 
    +-----------------+----------+-------+---+----+------------+------------+
    |  Variable Name  | Operation| DSP48E| FF| LUT| Bitwidth P0| Bitwidth P1|
    +-----------------+----------+-------+---+----+------------+------------+
    |tmp1_fu_111_p2   |     +    |      0|  0|   6|          32|           4|
    |tmp_3_fu_104_p2  |     +    |      0|  0|  32|          32|           4|
    |tmp_7_fu_117_p2  |     +    |      0|  0|   6|          32|          32|
    |icmp_fu_98_p2    |   icmp   |      0|  0|   1|           2|           1|
    +-----------------+----------+-------+---+----+------------+------------+
    |Total            |          |      0|  0|  46|          98|          41|
    +-----------------+----------+-------+---+----+------------+------------+

    * Multiplexer: 
    +--------------------+----+-----------+-----+-----------+
    |        Name        | LUT| Input Size| Bits| Total Bits|
    +--------------------+----+-----------+-----+-----------+
    |ap_NS_fsm           |   1|          6|    1|          6|
    |node_cost_address0  |  12|          5|   12|         60|
    |node_cost_d0        |  32|          3|   32|         96|
    +--------------------+----+-----------+-----+-----------+
    |Total               |  45|         14|   45|        162|
    +--------------------+----+-----------+-----+-----------+

    * Register: 
    +--------------------------+----+----+-----+-----------+
    |           Name           | FF | LUT| Bits| Const Bits|
    +--------------------------+----+----+-----+-----------+
    |ap_CS_fsm                 |   5|   0|    5|          0|
    |icmp_reg_138              |   1|   0|    1|          0|
    |node_cost_addr_2_reg_147  |  12|   0|   12|          0|
    |node_cost_load_reg_142    |  32|   0|   32|          0|
    |tmp_7_reg_152             |  32|   0|   32|          0|
    |tmp_s_reg_122             |  64|   0|   64|          0|
    +--------------------------+----+----+-----+-----------+
    |Total                     | 146|   0|  146|          0|
    +--------------------------+----+----+-----+-----------+



================================================================
== Interface
================================================================
* Summary: 
+----------------------+-----+-----+------------+---------------------+--------------+
|       RTL Ports      | Dir | Bits|  Protocol  |    Source Object    |    C Type    |
+----------------------+-----+-----+------------+---------------------+--------------+
|ap_clk                |  in |    1| ap_ctrl_hs | aStar_calculateCost | return value |
|ap_rst                |  in |    1| ap_ctrl_hs | aStar_calculateCost | return value |
|ap_start              |  in |    1| ap_ctrl_hs | aStar_calculateCost | return value |
|ap_done               | out |    1| ap_ctrl_hs | aStar_calculateCost | return value |
|ap_idle               | out |    1| ap_ctrl_hs | aStar_calculateCost | return value |
|ap_ready              | out |    1| ap_ctrl_hs | aStar_calculateCost | return value |
|i                     |  in |    4|   ap_none  |          i          |    scalar    |
|position              |  in |   32|   ap_none  |       position      |    scalar    |
|node_father_address0  | out |   12|  ap_memory |     node_father     |     array    |
|node_father_ce0       | out |    1|  ap_memory |     node_father     |     array    |
|node_father_q0        |  in |   32|  ap_memory |     node_father     |     array    |
|node_cost_address0    | out |   12|  ap_memory |      node_cost      |     array    |
|node_cost_ce0         | out |    1|  ap_memory |      node_cost      |     array    |
|node_cost_we0         | out |    1|  ap_memory |      node_cost      |     array    |
|node_cost_d0          | out |   32|  ap_memory |      node_cost      |     array    |
|node_cost_q0          |  in |   32|  ap_memory |      node_cost      |     array    |
+----------------------+-----+-----+------------+---------------------+--------------+

